#! /usr/bin/vvp
:ivl_version "11.0 (stable)";
:ivl_delay_selection "TYPICAL";
:vpi_time_precision - 12;
:vpi_module "/usr/lib/aarch64-linux-gnu/ivl/system.vpi";
:vpi_module "/usr/lib/aarch64-linux-gnu/ivl/vhdl_sys.vpi";
:vpi_module "/usr/lib/aarch64-linux-gnu/ivl/vhdl_textio.vpi";
:vpi_module "/usr/lib/aarch64-linux-gnu/ivl/v2005_math.vpi";
:vpi_module "/usr/lib/aarch64-linux-gnu/ivl/va_math.vpi";
S_0x557c4b2600 .scope module, "RegisterFileTest_v" "RegisterFileTest_v" 2 26;
 .timescale -9 -12;
v0x557c5900c0_0 .net "BusA", 63 0, L_0x557c590a30;  1 drivers
v0x557c5901a0_0 .net "BusB", 63 0, L_0x557c590e40;  1 drivers
v0x557c590270_0 .var "BusW", 63 0;
v0x557c590370_0 .var "Clk", 0 0;
v0x557c590440_0 .var "RA", 4 0;
v0x557c5904e0_0 .var "RB", 4 0;
v0x557c5905b0_0 .var "RW", 4 0;
v0x557c590680_0 .var "RegWr", 0 0;
v0x557c590750_0 .var "passed", 7 0;
S_0x557c4b2790 .scope task, "allPassed" "allPassed" 2 43, 2 43 0, S_0x557c4b2600;
 .timescale -9 -12;
v0x557c4b2920_0 .var "numTests", 7 0;
v0x557c58e9c0_0 .var "passed", 7 0;
TD_RegisterFileTest_v.allPassed ;
    %load/vec4 v0x557c58e9c0_0;
    %load/vec4 v0x557c4b2920_0;
    %cmp/e;
    %jmp/0xz  T_0.0, 4;
    %vpi_call 2 47 "$display", "All tests passed" {0 0 0};
    %jmp T_0.1;
T_0.0 ;
    %vpi_call 2 48 "$display", "Some tests failed" {0 0 0};
T_0.1 ;
    %end;
S_0x557c58eaa0 .scope task, "passTest" "passTest" 2 34, 2 34 0, S_0x557c4b2600;
 .timescale -9 -12;
v0x557c58eca0_0 .var "actualOut", 63 0;
v0x557c58ed80_0 .var "expectedOut", 63 0;
v0x557c58ee60_0 .var "passed", 7 0;
v0x557c58ef20_0 .var "testType", 256 0;
TD_RegisterFileTest_v.passTest ;
    %load/vec4 v0x557c58eca0_0;
    %load/vec4 v0x557c58ed80_0;
    %cmp/e;
    %jmp/0xz  T_1.2, 4;
    %vpi_call 2 39 "$display", "%s passed", v0x557c58ef20_0 {0 0 0};
    %load/vec4 v0x557c58ee60_0;
    %addi 1, 0, 8;
    %store/vec4 v0x557c58ee60_0, 0, 8;
    %jmp T_1.3;
T_1.2 ;
    %vpi_call 2 40 "$display", "%s failed: %d should be %d", v0x557c58ef20_0, v0x557c58eca0_0, v0x557c58ed80_0 {0 0 0};
T_1.3 ;
    %end;
S_0x557c58f000 .scope module, "uut" "RegisterFile" 2 65, 3 2 0, S_0x557c4b2600;
 .timescale -9 -12;
    .port_info 0 /OUTPUT 64 "BusA";
    .port_info 1 /OUTPUT 64 "BusB";
    .port_info 2 /INPUT 64 "BusW";
    .port_info 3 /INPUT 5 "RW";
    .port_info 4 /INPUT 5 "RA";
    .port_info 5 /INPUT 5 "RB";
    .port_info 6 /INPUT 1 "RegWr";
    .port_info 7 /INPUT 1 "Clk";
L_0x557c590a30/d .functor BUFZ 64, L_0x557c5907f0, C4<0000000000000000000000000000000000000000000000000000000000000000>, C4<0000000000000000000000000000000000000000000000000000000000000000>, C4<0000000000000000000000000000000000000000000000000000000000000000>;
L_0x557c590a30 .delay 64 (2000,2000,2000) L_0x557c590a30/d;
L_0x557c590e40/d .functor BUFZ 64, L_0x557c590be0, C4<0000000000000000000000000000000000000000000000000000000000000000>, C4<0000000000000000000000000000000000000000000000000000000000000000>, C4<0000000000000000000000000000000000000000000000000000000000000000>;
L_0x557c590e40 .delay 64 (2000,2000,2000) L_0x557c590e40/d;
v0x557c58f280_0 .net "BusA", 63 0, L_0x557c590a30;  alias, 1 drivers
v0x557c58f380_0 .net "BusB", 63 0, L_0x557c590e40;  alias, 1 drivers
v0x557c58f460_0 .net "BusW", 63 0, v0x557c590270_0;  1 drivers
v0x557c58f550_0 .net "Clk", 0 0, v0x557c590370_0;  1 drivers
v0x557c58f610_0 .net "RA", 4 0, v0x557c590440_0;  1 drivers
v0x557c58f740_0 .net "RB", 4 0, v0x557c5904e0_0;  1 drivers
v0x557c58f820_0 .net "RW", 4 0, v0x557c5905b0_0;  1 drivers
v0x557c58f900_0 .net "RegWr", 0 0, v0x557c590680_0;  1 drivers
v0x557c58f9c0_0 .net *"_ivl_0", 63 0, L_0x557c5907f0;  1 drivers
v0x557c58faa0_0 .net *"_ivl_10", 6 0, L_0x557c590c80;  1 drivers
L_0x7faa0c7060 .functor BUFT 1, C4<00>, C4<0>, C4<0>, C4<0>;
v0x557c58fb80_0 .net *"_ivl_13", 1 0, L_0x7faa0c7060;  1 drivers
v0x557c58fc60_0 .net *"_ivl_2", 6 0, L_0x557c5908f0;  1 drivers
L_0x7faa0c7018 .functor BUFT 1, C4<00>, C4<0>, C4<0>, C4<0>;
v0x557c58fd40_0 .net *"_ivl_5", 1 0, L_0x7faa0c7018;  1 drivers
v0x557c58fe20_0 .net *"_ivl_8", 63 0, L_0x557c590be0;  1 drivers
v0x557c58ff00 .array "registers", 0 31, 63 0;
E_0x557c4b0ae0 .event negedge, v0x557c58f550_0;
L_0x557c5907f0 .array/port v0x557c58ff00, L_0x557c5908f0;
L_0x557c5908f0 .concat [ 5 2 0 0], v0x557c590440_0, L_0x7faa0c7018;
L_0x557c590be0 .array/port v0x557c58ff00, L_0x557c590c80;
L_0x557c590c80 .concat [ 5 2 0 0], v0x557c5904e0_0, L_0x7faa0c7060;
    .scope S_0x557c58f000;
T_2 ;
    %pushi/vec4 0, 0, 64;
    %ix/load 4, 31, 0;
    %flag_set/imm 4, 0;
    %store/vec4a v0x557c58ff00, 4, 0;
    %end;
    .thread T_2;
    .scope S_0x557c58f000;
T_3 ;
    %wait E_0x557c4b0ae0;
    %load/vec4 v0x557c58f820_0;
    %pad/u 32;
    %pushi/vec4 31, 0, 32;
    %cmp/ne;
    %flag_get/vec4 4;
    %load/vec4 v0x557c58f900_0;
    %and;
    %flag_set/vec4 8;
    %jmp/0xz  T_3.0, 8;
    %load/vec4 v0x557c58f460_0;
    %load/vec4 v0x557c58f820_0;
    %pad/u 7;
    %ix/vec4 3;
    %ix/load 4, 3000, 0; Constant delay
    %assign/vec4/a/d v0x557c58ff00, 0, 4;
T_3.0 ;
    %jmp T_3;
    .thread T_3;
    .scope S_0x557c4b2600;
T_4 ;
    %vpi_call 2 30 "$dumpfile", "RegisterFileTest_v.vcd" {0 0 0};
    %vpi_call 2 31 "$dumpvars", 32'sb00000000000000000000000000000000, S_0x557c4b2600 {0 0 0};
    %end;
    .thread T_4;
    .scope S_0x557c4b2600;
T_5 ;
    %pushi/vec4 0, 0, 64;
    %store/vec4 v0x557c590270_0, 0, 64;
    %pushi/vec4 0, 0, 5;
    %store/vec4 v0x557c590440_0, 0, 5;
    %pushi/vec4 0, 0, 5;
    %store/vec4 v0x557c5904e0_0, 0, 5;
    %pushi/vec4 0, 0, 5;
    %store/vec4 v0x557c5905b0_0, 0, 5;
    %pushi/vec4 0, 0, 1;
    %store/vec4 v0x557c590680_0, 0, 1;
    %pushi/vec4 1, 0, 1;
    %store/vec4 v0x557c590370_0, 0, 1;
    %pushi/vec4 0, 0, 8;
    %store/vec4 v0x557c590750_0, 0, 8;
    %delay 10000, 0;
    %pushi/vec4 4294836224, 0, 32;
    %concati/vec4 0, 0, 48;
    %split/vec4 1;
    %store/vec4 v0x557c590680_0, 0, 1;
    %split/vec4 64;
    %store/vec4 v0x557c590270_0, 0, 64;
    %split/vec4 5;
    %store/vec4 v0x557c5905b0_0, 0, 5;
    %split/vec4 5;
    %store/vec4 v0x557c5904e0_0, 0, 5;
    %store/vec4 v0x557c590440_0, 0, 5;
    %delay 10000, 0;
    %load/vec4 v0x557c5900c0_0;
    %store/vec4 v0x557c58eca0_0, 0, 64;
    %pushi/vec4 0, 0, 64;
    %store/vec4 v0x557c58ed80_0, 0, 64;
    %pushi/vec4 2463945448, 0, 146;
    %concati/vec4 3535984704, 0, 32;
    %concati/vec4 2428535053, 0, 33;
    %concati/vec4 2710932908, 0, 32;
    %concati/vec4 8241, 0, 14;
    %store/vec4 v0x557c58ef20_0, 0, 257;
    %load/vec4 v0x557c590750_0;
    %store/vec4 v0x557c58ee60_0, 0, 8;
    %fork TD_RegisterFileTest_v.passTest, S_0x557c58eaa0;
    %join;
    %load/vec4 v0x557c58ee60_0;
    %store/vec4 v0x557c590750_0, 0, 8;
    %load/vec4 v0x557c5901a0_0;
    %store/vec4 v0x557c58eca0_0, 0, 64;
    %pushi/vec4 0, 0, 64;
    %store/vec4 v0x557c58ed80_0, 0, 64;
    %pushi/vec4 2463945448, 0, 146;
    %concati/vec4 3535984704, 0, 32;
    %concati/vec4 2428535053, 0, 33;
    %concati/vec4 2710932908, 0, 32;
    %concati/vec4 8242, 0, 14;
    %store/vec4 v0x557c58ef20_0, 0, 257;
    %load/vec4 v0x557c590750_0;
    %store/vec4 v0x557c58ee60_0, 0, 8;
    %fork TD_RegisterFileTest_v.passTest, S_0x557c58eaa0;
    %join;
    %load/vec4 v0x557c58ee60_0;
    %store/vec4 v0x557c590750_0, 0, 8;
    %delay 10000, 0;
    %pushi/vec4 0, 0, 1;
    %store/vec4 v0x557c590370_0, 0, 1;
    %delay 10000, 0;
    %pushi/vec4 1, 0, 1;
    %store/vec4 v0x557c590370_0, 0, 1;
    %pushi/vec4 4294836224, 0, 32;
    %concati/vec4 610839793, 0, 48;
    %split/vec4 1;
    %store/vec4 v0x557c590680_0, 0, 1;
    %split/vec4 64;
    %store/vec4 v0x557c590270_0, 0, 64;
    %split/vec4 5;
    %store/vec4 v0x557c5905b0_0, 0, 5;
    %split/vec4 5;
    %store/vec4 v0x557c5904e0_0, 0, 5;
    %store/vec4 v0x557c590440_0, 0, 5;
    %load/vec4 v0x557c5900c0_0;
    %store/vec4 v0x557c58eca0_0, 0, 64;
    %pushi/vec4 0, 0, 64;
    %store/vec4 v0x557c58ed80_0, 0, 64;
    %pushi/vec4 2463945448, 0, 146;
    %concati/vec4 3535984704, 0, 32;
    %concati/vec4 2428535053, 0, 33;
    %concati/vec4 2710932908, 0, 32;
    %concati/vec4 8243, 0, 14;
    %store/vec4 v0x557c58ef20_0, 0, 257;
    %load/vec4 v0x557c590750_0;
    %store/vec4 v0x557c58ee60_0, 0, 8;
    %fork TD_RegisterFileTest_v.passTest, S_0x557c58eaa0;
    %join;
    %load/vec4 v0x557c58ee60_0;
    %store/vec4 v0x557c590750_0, 0, 8;
    %load/vec4 v0x557c5901a0_0;
    %store/vec4 v0x557c58eca0_0, 0, 64;
    %pushi/vec4 0, 0, 64;
    %store/vec4 v0x557c58ed80_0, 0, 64;
    %pushi/vec4 2463945448, 0, 146;
    %concati/vec4 3535984704, 0, 32;
    %concati/vec4 2428535053, 0, 33;
    %concati/vec4 2710932908, 0, 32;
    %concati/vec4 8244, 0, 14;
    %store/vec4 v0x557c58ef20_0, 0, 257;
    %load/vec4 v0x557c590750_0;
    %store/vec4 v0x557c58ee60_0, 0, 8;
    %fork TD_RegisterFileTest_v.passTest, S_0x557c58eaa0;
    %join;
    %load/vec4 v0x557c58ee60_0;
    %store/vec4 v0x557c590750_0, 0, 8;
    %delay 10000, 0;
    %pushi/vec4 0, 0, 1;
    %store/vec4 v0x557c590370_0, 0, 1;
    %delay 10000, 0;
    %pushi/vec4 1, 0, 1;
    %store/vec4 v0x557c590370_0, 0, 1;
    %load/vec4 v0x557c5900c0_0;
    %store/vec4 v0x557c58eca0_0, 0, 64;
    %pushi/vec4 0, 0, 64;
    %store/vec4 v0x557c58ed80_0, 0, 64;
    %pushi/vec4 2428535117, 0, 147;
    %concati/vec4 3515213260, 0, 32;
    %concati/vec4 2160099597, 0, 32;
    %concati/vec4 2710932908, 0, 32;
    %concati/vec4 8241, 0, 14;
    %store/vec4 v0x557c58ef20_0, 0, 257;
    %load/vec4 v0x557c590750_0;
    %store/vec4 v0x557c58ee60_0, 0, 8;
    %fork TD_RegisterFileTest_v.passTest, S_0x557c58eaa0;
    %join;
    %load/vec4 v0x557c58ee60_0;
    %store/vec4 v0x557c590750_0, 0, 8;
    %load/vec4 v0x557c5901a0_0;
    %store/vec4 v0x557c58eca0_0, 0, 64;
    %pushi/vec4 0, 0, 64;
    %store/vec4 v0x557c58ed80_0, 0, 64;
    %pushi/vec4 2428535117, 0, 147;
    %concati/vec4 3515213260, 0, 32;
    %concati/vec4 2160099597, 0, 32;
    %concati/vec4 2710932908, 0, 32;
    %concati/vec4 8242, 0, 14;
    %store/vec4 v0x557c58ef20_0, 0, 257;
    %load/vec4 v0x557c590750_0;
    %store/vec4 v0x557c58ee60_0, 0, 8;
    %fork TD_RegisterFileTest_v.passTest, S_0x557c58eaa0;
    %join;
    %load/vec4 v0x557c58ee60_0;
    %store/vec4 v0x557c590750_0, 0, 8;
    %pushi/vec4 1, 0, 80;
    %split/vec4 1;
    %store/vec4 v0x557c590680_0, 0, 1;
    %split/vec4 64;
    %store/vec4 v0x557c590270_0, 0, 64;
    %split/vec4 5;
    %store/vec4 v0x557c5905b0_0, 0, 5;
    %split/vec4 5;
    %store/vec4 v0x557c5904e0_0, 0, 5;
    %store/vec4 v0x557c590440_0, 0, 5;
    %delay 10000, 0;
    %pushi/vec4 0, 0, 1;
    %store/vec4 v0x557c590370_0, 0, 1;
    %delay 10000, 0;
    %pushi/vec4 1, 0, 1;
    %store/vec4 v0x557c590370_0, 0, 1;
    %pushi/vec4 2147483648, 0, 46;
    %concati/vec4 3, 0, 34;
    %split/vec4 1;
    %store/vec4 v0x557c590680_0, 0, 1;
    %split/vec4 64;
    %store/vec4 v0x557c590270_0, 0, 64;
    %split/vec4 5;
    %store/vec4 v0x557c5905b0_0, 0, 5;
    %split/vec4 5;
    %store/vec4 v0x557c5904e0_0, 0, 5;
    %store/vec4 v0x557c590440_0, 0, 5;
    %delay 10000, 0;
    %pushi/vec4 0, 0, 1;
    %store/vec4 v0x557c590370_0, 0, 1;
    %delay 10000, 0;
    %pushi/vec4 1, 0, 1;
    %store/vec4 v0x557c590370_0, 0, 1;
    %pushi/vec4 2147483648, 0, 45;
    %concati/vec4 5, 0, 35;
    %split/vec4 1;
    %store/vec4 v0x557c590680_0, 0, 1;
    %split/vec4 64;
    %store/vec4 v0x557c590270_0, 0, 64;
    %split/vec4 5;
    %store/vec4 v0x557c5905b0_0, 0, 5;
    %split/vec4 5;
    %store/vec4 v0x557c5904e0_0, 0, 5;
    %store/vec4 v0x557c590440_0, 0, 5;
    %delay 10000, 0;
    %pushi/vec4 0, 0, 1;
    %store/vec4 v0x557c590370_0, 0, 1;
    %delay 10000, 0;
    %pushi/vec4 1, 0, 1;
    %store/vec4 v0x557c590370_0, 0, 1;
    %pushi/vec4 3221225472, 0, 45;
    %concati/vec4 7, 0, 35;
    %split/vec4 1;
    %store/vec4 v0x557c590680_0, 0, 1;
    %split/vec4 64;
    %store/vec4 v0x557c590270_0, 0, 64;
    %split/vec4 5;
    %store/vec4 v0x557c5905b0_0, 0, 5;
    %split/vec4 5;
    %store/vec4 v0x557c5904e0_0, 0, 5;
    %store/vec4 v0x557c590440_0, 0, 5;
    %delay 10000, 0;
    %pushi/vec4 0, 0, 1;
    %store/vec4 v0x557c590370_0, 0, 1;
    %delay 10000, 0;
    %pushi/vec4 1, 0, 1;
    %store/vec4 v0x557c590370_0, 0, 1;
    %pushi/vec4 2147483648, 0, 44;
    %concati/vec4 9, 0, 36;
    %split/vec4 1;
    %store/vec4 v0x557c590680_0, 0, 1;
    %split/vec4 64;
    %store/vec4 v0x557c590270_0, 0, 64;
    %split/vec4 5;
    %store/vec4 v0x557c5905b0_0, 0, 5;
    %split/vec4 5;
    %store/vec4 v0x557c5904e0_0, 0, 5;
    %store/vec4 v0x557c590440_0, 0, 5;
    %delay 10000, 0;
    %pushi/vec4 0, 0, 1;
    %store/vec4 v0x557c590370_0, 0, 1;
    %delay 10000, 0;
    %pushi/vec4 1, 0, 1;
    %store/vec4 v0x557c590370_0, 0, 1;
    %pushi/vec4 2684354560, 0, 44;
    %concati/vec4 11, 0, 36;
    %split/vec4 1;
    %store/vec4 v0x557c590680_0, 0, 1;
    %split/vec4 64;
    %store/vec4 v0x557c590270_0, 0, 64;
    %split/vec4 5;
    %store/vec4 v0x557c5905b0_0, 0, 5;
    %split/vec4 5;
    %store/vec4 v0x557c5904e0_0, 0, 5;
    %store/vec4 v0x557c590440_0, 0, 5;
    %delay 10000, 0;
    %pushi/vec4 0, 0, 1;
    %store/vec4 v0x557c590370_0, 0, 1;
    %delay 10000, 0;
    %pushi/vec4 1, 0, 1;
    %store/vec4 v0x557c590370_0, 0, 1;
    %pushi/vec4 3221225472, 0, 44;
    %concati/vec4 13, 0, 36;
    %split/vec4 1;
    %store/vec4 v0x557c590680_0, 0, 1;
    %split/vec4 64;
    %store/vec4 v0x557c590270_0, 0, 64;
    %split/vec4 5;
    %store/vec4 v0x557c5905b0_0, 0, 5;
    %split/vec4 5;
    %store/vec4 v0x557c5904e0_0, 0, 5;
    %store/vec4 v0x557c590440_0, 0, 5;
    %delay 10000, 0;
    %pushi/vec4 0, 0, 1;
    %store/vec4 v0x557c590370_0, 0, 1;
    %delay 10000, 0;
    %pushi/vec4 1, 0, 1;
    %store/vec4 v0x557c590370_0, 0, 1;
    %pushi/vec4 3758096384, 0, 44;
    %concati/vec4 15, 0, 36;
    %split/vec4 1;
    %store/vec4 v0x557c590680_0, 0, 1;
    %split/vec4 64;
    %store/vec4 v0x557c590270_0, 0, 64;
    %split/vec4 5;
    %store/vec4 v0x557c5905b0_0, 0, 5;
    %split/vec4 5;
    %store/vec4 v0x557c5904e0_0, 0, 5;
    %store/vec4 v0x557c590440_0, 0, 5;
    %delay 10000, 0;
    %pushi/vec4 0, 0, 1;
    %store/vec4 v0x557c590370_0, 0, 1;
    %delay 10000, 0;
    %pushi/vec4 1, 0, 1;
    %store/vec4 v0x557c590370_0, 0, 1;
    %pushi/vec4 2147483648, 0, 43;
    %concati/vec4 17, 0, 37;
    %split/vec4 1;
    %store/vec4 v0x557c590680_0, 0, 1;
    %split/vec4 64;
    %store/vec4 v0x557c590270_0, 0, 64;
    %split/vec4 5;
    %store/vec4 v0x557c5905b0_0, 0, 5;
    %split/vec4 5;
    %store/vec4 v0x557c5904e0_0, 0, 5;
    %store/vec4 v0x557c590440_0, 0, 5;
    %delay 10000, 0;
    %pushi/vec4 0, 0, 1;
    %store/vec4 v0x557c590370_0, 0, 1;
    %delay 10000, 0;
    %pushi/vec4 1, 0, 1;
    %store/vec4 v0x557c590370_0, 0, 1;
    %pushi/vec4 2415919104, 0, 43;
    %concati/vec4 19, 0, 37;
    %split/vec4 1;
    %store/vec4 v0x557c590680_0, 0, 1;
    %split/vec4 64;
    %store/vec4 v0x557c590270_0, 0, 64;
    %split/vec4 5;
    %store/vec4 v0x557c5905b0_0, 0, 5;
    %split/vec4 5;
    %store/vec4 v0x557c5904e0_0, 0, 5;
    %store/vec4 v0x557c590440_0, 0, 5;
    %delay 10000, 0;
    %pushi/vec4 0, 0, 1;
    %store/vec4 v0x557c590370_0, 0, 1;
    %delay 10000, 0;
    %pushi/vec4 1, 0, 1;
    %store/vec4 v0x557c590370_0, 0, 1;
    %pushi/vec4 2684354560, 0, 43;
    %concati/vec4 21, 0, 37;
    %split/vec4 1;
    %store/vec4 v0x557c590680_0, 0, 1;
    %split/vec4 64;
    %store/vec4 v0x557c590270_0, 0, 64;
    %split/vec4 5;
    %store/vec4 v0x557c5905b0_0, 0, 5;
    %split/vec4 5;
    %store/vec4 v0x557c5904e0_0, 0, 5;
    %store/vec4 v0x557c590440_0, 0, 5;
    %delay 10000, 0;
    %pushi/vec4 0, 0, 1;
    %store/vec4 v0x557c590370_0, 0, 1;
    %delay 10000, 0;
    %pushi/vec4 1, 0, 1;
    %store/vec4 v0x557c590370_0, 0, 1;
    %pushi/vec4 2952790016, 0, 43;
    %concati/vec4 23, 0, 37;
    %split/vec4 1;
    %store/vec4 v0x557c590680_0, 0, 1;
    %split/vec4 64;
    %store/vec4 v0x557c590270_0, 0, 64;
    %split/vec4 5;
    %store/vec4 v0x557c5905b0_0, 0, 5;
    %split/vec4 5;
    %store/vec4 v0x557c5904e0_0, 0, 5;
    %store/vec4 v0x557c590440_0, 0, 5;
    %delay 10000, 0;
    %pushi/vec4 0, 0, 1;
    %store/vec4 v0x557c590370_0, 0, 1;
    %delay 10000, 0;
    %pushi/vec4 1, 0, 1;
    %store/vec4 v0x557c590370_0, 0, 1;
    %pushi/vec4 3221225472, 0, 43;
    %concati/vec4 25, 0, 37;
    %split/vec4 1;
    %store/vec4 v0x557c590680_0, 0, 1;
    %split/vec4 64;
    %store/vec4 v0x557c590270_0, 0, 64;
    %split/vec4 5;
    %store/vec4 v0x557c5905b0_0, 0, 5;
    %split/vec4 5;
    %store/vec4 v0x557c5904e0_0, 0, 5;
    %store/vec4 v0x557c590440_0, 0, 5;
    %delay 10000, 0;
    %pushi/vec4 0, 0, 1;
    %store/vec4 v0x557c590370_0, 0, 1;
    %delay 10000, 0;
    %pushi/vec4 1, 0, 1;
    %store/vec4 v0x557c590370_0, 0, 1;
    %pushi/vec4 3489660928, 0, 43;
    %concati/vec4 27, 0, 37;
    %split/vec4 1;
    %store/vec4 v0x557c590680_0, 0, 1;
    %split/vec4 64;
    %store/vec4 v0x557c590270_0, 0, 64;
    %split/vec4 5;
    %store/vec4 v0x557c5905b0_0, 0, 5;
    %split/vec4 5;
    %store/vec4 v0x557c5904e0_0, 0, 5;
    %store/vec4 v0x557c590440_0, 0, 5;
    %delay 10000, 0;
    %pushi/vec4 0, 0, 1;
    %store/vec4 v0x557c590370_0, 0, 1;
    %delay 10000, 0;
    %pushi/vec4 1, 0, 1;
    %store/vec4 v0x557c590370_0, 0, 1;
    %pushi/vec4 3758096384, 0, 43;
    %concati/vec4 29, 0, 37;
    %split/vec4 1;
    %store/vec4 v0x557c590680_0, 0, 1;
    %split/vec4 64;
    %store/vec4 v0x557c590270_0, 0, 64;
    %split/vec4 5;
    %store/vec4 v0x557c5905b0_0, 0, 5;
    %split/vec4 5;
    %store/vec4 v0x557c5904e0_0, 0, 5;
    %store/vec4 v0x557c590440_0, 0, 5;
    %delay 10000, 0;
    %pushi/vec4 0, 0, 1;
    %store/vec4 v0x557c590370_0, 0, 1;
    %delay 10000, 0;
    %pushi/vec4 1, 0, 1;
    %store/vec4 v0x557c590370_0, 0, 1;
    %pushi/vec4 4026531840, 0, 43;
    %concati/vec4 31, 0, 37;
    %split/vec4 1;
    %store/vec4 v0x557c590680_0, 0, 1;
    %split/vec4 64;
    %store/vec4 v0x557c590270_0, 0, 64;
    %split/vec4 5;
    %store/vec4 v0x557c5905b0_0, 0, 5;
    %split/vec4 5;
    %store/vec4 v0x557c5904e0_0, 0, 5;
    %store/vec4 v0x557c590440_0, 0, 5;
    %delay 10000, 0;
    %pushi/vec4 0, 0, 1;
    %store/vec4 v0x557c590370_0, 0, 1;
    %delay 10000, 0;
    %pushi/vec4 1, 0, 1;
    %store/vec4 v0x557c590370_0, 0, 1;
    %pushi/vec4 2147483648, 0, 42;
    %concati/vec4 33, 0, 38;
    %split/vec4 1;
    %store/vec4 v0x557c590680_0, 0, 1;
    %split/vec4 64;
    %store/vec4 v0x557c590270_0, 0, 64;
    %split/vec4 5;
    %store/vec4 v0x557c5905b0_0, 0, 5;
    %split/vec4 5;
    %store/vec4 v0x557c5904e0_0, 0, 5;
    %store/vec4 v0x557c590440_0, 0, 5;
    %delay 10000, 0;
    %pushi/vec4 0, 0, 1;
    %store/vec4 v0x557c590370_0, 0, 1;
    %delay 10000, 0;
    %pushi/vec4 1, 0, 1;
    %store/vec4 v0x557c590370_0, 0, 1;
    %pushi/vec4 2281701376, 0, 42;
    %concati/vec4 35, 0, 38;
    %split/vec4 1;
    %store/vec4 v0x557c590680_0, 0, 1;
    %split/vec4 64;
    %store/vec4 v0x557c590270_0, 0, 64;
    %split/vec4 5;
    %store/vec4 v0x557c5905b0_0, 0, 5;
    %split/vec4 5;
    %store/vec4 v0x557c5904e0_0, 0, 5;
    %store/vec4 v0x557c590440_0, 0, 5;
    %delay 10000, 0;
    %pushi/vec4 0, 0, 1;
    %store/vec4 v0x557c590370_0, 0, 1;
    %delay 10000, 0;
    %pushi/vec4 1, 0, 1;
    %store/vec4 v0x557c590370_0, 0, 1;
    %pushi/vec4 2415919104, 0, 42;
    %concati/vec4 37, 0, 38;
    %split/vec4 1;
    %store/vec4 v0x557c590680_0, 0, 1;
    %split/vec4 64;
    %store/vec4 v0x557c590270_0, 0, 64;
    %split/vec4 5;
    %store/vec4 v0x557c5905b0_0, 0, 5;
    %split/vec4 5;
    %store/vec4 v0x557c5904e0_0, 0, 5;
    %store/vec4 v0x557c590440_0, 0, 5;
    %delay 10000, 0;
    %pushi/vec4 0, 0, 1;
    %store/vec4 v0x557c590370_0, 0, 1;
    %delay 10000, 0;
    %pushi/vec4 1, 0, 1;
    %store/vec4 v0x557c590370_0, 0, 1;
    %pushi/vec4 2550136832, 0, 42;
    %concati/vec4 39, 0, 38;
    %split/vec4 1;
    %store/vec4 v0x557c590680_0, 0, 1;
    %split/vec4 64;
    %store/vec4 v0x557c590270_0, 0, 64;
    %split/vec4 5;
    %store/vec4 v0x557c5905b0_0, 0, 5;
    %split/vec4 5;
    %store/vec4 v0x557c5904e0_0, 0, 5;
    %store/vec4 v0x557c590440_0, 0, 5;
    %delay 10000, 0;
    %pushi/vec4 0, 0, 1;
    %store/vec4 v0x557c590370_0, 0, 1;
    %delay 10000, 0;
    %pushi/vec4 1, 0, 1;
    %store/vec4 v0x557c590370_0, 0, 1;
    %pushi/vec4 2684354560, 0, 42;
    %concati/vec4 41, 0, 38;
    %split/vec4 1;
    %store/vec4 v0x557c590680_0, 0, 1;
    %split/vec4 64;
    %store/vec4 v0x557c590270_0, 0, 64;
    %split/vec4 5;
    %store/vec4 v0x557c5905b0_0, 0, 5;
    %split/vec4 5;
    %store/vec4 v0x557c5904e0_0, 0, 5;
    %store/vec4 v0x557c590440_0, 0, 5;
    %delay 10000, 0;
    %pushi/vec4 0, 0, 1;
    %store/vec4 v0x557c590370_0, 0, 1;
    %delay 10000, 0;
    %pushi/vec4 1, 0, 1;
    %store/vec4 v0x557c590370_0, 0, 1;
    %pushi/vec4 2818572288, 0, 42;
    %concati/vec4 43, 0, 38;
    %split/vec4 1;
    %store/vec4 v0x557c590680_0, 0, 1;
    %split/vec4 64;
    %store/vec4 v0x557c590270_0, 0, 64;
    %split/vec4 5;
    %store/vec4 v0x557c5905b0_0, 0, 5;
    %split/vec4 5;
    %store/vec4 v0x557c5904e0_0, 0, 5;
    %store/vec4 v0x557c590440_0, 0, 5;
    %delay 10000, 0;
    %pushi/vec4 0, 0, 1;
    %store/vec4 v0x557c590370_0, 0, 1;
    %delay 10000, 0;
    %pushi/vec4 1, 0, 1;
    %store/vec4 v0x557c590370_0, 0, 1;
    %pushi/vec4 2952790016, 0, 42;
    %concati/vec4 45, 0, 38;
    %split/vec4 1;
    %store/vec4 v0x557c590680_0, 0, 1;
    %split/vec4 64;
    %store/vec4 v0x557c590270_0, 0, 64;
    %split/vec4 5;
    %store/vec4 v0x557c5905b0_0, 0, 5;
    %split/vec4 5;
    %store/vec4 v0x557c5904e0_0, 0, 5;
    %store/vec4 v0x557c590440_0, 0, 5;
    %delay 10000, 0;
    %pushi/vec4 0, 0, 1;
    %store/vec4 v0x557c590370_0, 0, 1;
    %delay 10000, 0;
    %pushi/vec4 1, 0, 1;
    %store/vec4 v0x557c590370_0, 0, 1;
    %pushi/vec4 3087007744, 0, 42;
    %concati/vec4 47, 0, 38;
    %split/vec4 1;
    %store/vec4 v0x557c590680_0, 0, 1;
    %split/vec4 64;
    %store/vec4 v0x557c590270_0, 0, 64;
    %split/vec4 5;
    %store/vec4 v0x557c5905b0_0, 0, 5;
    %split/vec4 5;
    %store/vec4 v0x557c5904e0_0, 0, 5;
    %store/vec4 v0x557c590440_0, 0, 5;
    %delay 10000, 0;
    %pushi/vec4 0, 0, 1;
    %store/vec4 v0x557c590370_0, 0, 1;
    %delay 10000, 0;
    %pushi/vec4 1, 0, 1;
    %store/vec4 v0x557c590370_0, 0, 1;
    %pushi/vec4 3221225472, 0, 42;
    %concati/vec4 49, 0, 38;
    %split/vec4 1;
    %store/vec4 v0x557c590680_0, 0, 1;
    %split/vec4 64;
    %store/vec4 v0x557c590270_0, 0, 64;
    %split/vec4 5;
    %store/vec4 v0x557c5905b0_0, 0, 5;
    %split/vec4 5;
    %store/vec4 v0x557c5904e0_0, 0, 5;
    %store/vec4 v0x557c590440_0, 0, 5;
    %delay 10000, 0;
    %pushi/vec4 0, 0, 1;
    %store/vec4 v0x557c590370_0, 0, 1;
    %delay 10000, 0;
    %pushi/vec4 1, 0, 1;
    %store/vec4 v0x557c590370_0, 0, 1;
    %pushi/vec4 3355443200, 0, 42;
    %concati/vec4 51, 0, 38;
    %split/vec4 1;
    %store/vec4 v0x557c590680_0, 0, 1;
    %split/vec4 64;
    %store/vec4 v0x557c590270_0, 0, 64;
    %split/vec4 5;
    %store/vec4 v0x557c5905b0_0, 0, 5;
    %split/vec4 5;
    %store/vec4 v0x557c5904e0_0, 0, 5;
    %store/vec4 v0x557c590440_0, 0, 5;
    %delay 10000, 0;
    %pushi/vec4 0, 0, 1;
    %store/vec4 v0x557c590370_0, 0, 1;
    %delay 10000, 0;
    %pushi/vec4 1, 0, 1;
    %store/vec4 v0x557c590370_0, 0, 1;
    %pushi/vec4 3489660928, 0, 42;
    %concati/vec4 53, 0, 38;
    %split/vec4 1;
    %store/vec4 v0x557c590680_0, 0, 1;
    %split/vec4 64;
    %store/vec4 v0x557c590270_0, 0, 64;
    %split/vec4 5;
    %store/vec4 v0x557c5905b0_0, 0, 5;
    %split/vec4 5;
    %store/vec4 v0x557c5904e0_0, 0, 5;
    %store/vec4 v0x557c590440_0, 0, 5;
    %delay 10000, 0;
    %pushi/vec4 0, 0, 1;
    %store/vec4 v0x557c590370_0, 0, 1;
    %delay 10000, 0;
    %pushi/vec4 1, 0, 1;
    %store/vec4 v0x557c590370_0, 0, 1;
    %pushi/vec4 3623878656, 0, 42;
    %concati/vec4 55, 0, 38;
    %split/vec4 1;
    %store/vec4 v0x557c590680_0, 0, 1;
    %split/vec4 64;
    %store/vec4 v0x557c590270_0, 0, 64;
    %split/vec4 5;
    %store/vec4 v0x557c5905b0_0, 0, 5;
    %split/vec4 5;
    %store/vec4 v0x557c5904e0_0, 0, 5;
    %store/vec4 v0x557c590440_0, 0, 5;
    %delay 10000, 0;
    %pushi/vec4 0, 0, 1;
    %store/vec4 v0x557c590370_0, 0, 1;
    %delay 10000, 0;
    %pushi/vec4 1, 0, 1;
    %store/vec4 v0x557c590370_0, 0, 1;
    %pushi/vec4 3758096384, 0, 42;
    %concati/vec4 57, 0, 38;
    %split/vec4 1;
    %store/vec4 v0x557c590680_0, 0, 1;
    %split/vec4 64;
    %store/vec4 v0x557c590270_0, 0, 64;
    %split/vec4 5;
    %store/vec4 v0x557c5905b0_0, 0, 5;
    %split/vec4 5;
    %store/vec4 v0x557c5904e0_0, 0, 5;
    %store/vec4 v0x557c590440_0, 0, 5;
    %delay 10000, 0;
    %pushi/vec4 0, 0, 1;
    %store/vec4 v0x557c590370_0, 0, 1;
    %delay 10000, 0;
    %pushi/vec4 1, 0, 1;
    %store/vec4 v0x557c590370_0, 0, 1;
    %pushi/vec4 3892314112, 0, 42;
    %concati/vec4 59, 0, 38;
    %split/vec4 1;
    %store/vec4 v0x557c590680_0, 0, 1;
    %split/vec4 64;
    %store/vec4 v0x557c590270_0, 0, 64;
    %split/vec4 5;
    %store/vec4 v0x557c5905b0_0, 0, 5;
    %split/vec4 5;
    %store/vec4 v0x557c5904e0_0, 0, 5;
    %store/vec4 v0x557c590440_0, 0, 5;
    %delay 10000, 0;
    %pushi/vec4 0, 0, 1;
    %store/vec4 v0x557c590370_0, 0, 1;
    %delay 10000, 0;
    %pushi/vec4 1, 0, 1;
    %store/vec4 v0x557c590370_0, 0, 1;
    %pushi/vec4 4026531840, 0, 42;
    %concati/vec4 61, 0, 38;
    %split/vec4 1;
    %store/vec4 v0x557c590680_0, 0, 1;
    %split/vec4 64;
    %store/vec4 v0x557c590270_0, 0, 64;
    %split/vec4 5;
    %store/vec4 v0x557c5905b0_0, 0, 5;
    %split/vec4 5;
    %store/vec4 v0x557c5904e0_0, 0, 5;
    %store/vec4 v0x557c590440_0, 0, 5;
    %delay 10000, 0;
    %pushi/vec4 0, 0, 1;
    %store/vec4 v0x557c590370_0, 0, 1;
    %delay 10000, 0;
    %pushi/vec4 1, 0, 1;
    %store/vec4 v0x557c590370_0, 0, 1;
    %pushi/vec4 4160749568, 0, 42;
    %concati/vec4 63, 0, 38;
    %split/vec4 1;
    %store/vec4 v0x557c590680_0, 0, 1;
    %split/vec4 64;
    %store/vec4 v0x557c590270_0, 0, 64;
    %split/vec4 5;
    %store/vec4 v0x557c5905b0_0, 0, 5;
    %split/vec4 5;
    %store/vec4 v0x557c5904e0_0, 0, 5;
    %store/vec4 v0x557c590440_0, 0, 5;
    %delay 10000, 0;
    %pushi/vec4 0, 0, 1;
    %store/vec4 v0x557c590370_0, 0, 1;
    %delay 10000, 0;
    %pushi/vec4 1, 0, 1;
    %store/vec4 v0x557c590370_0, 0, 1;
    %pushi/vec4 2283798528, 0, 36;
    %concati/vec4 610839793, 0, 44;
    %split/vec4 1;
    %store/vec4 v0x557c590680_0, 0, 1;
    %split/vec4 64;
    %store/vec4 v0x557c590270_0, 0, 64;
    %split/vec4 5;
    %store/vec4 v0x557c5905b0_0, 0, 5;
    %split/vec4 5;
    %store/vec4 v0x557c5904e0_0, 0, 5;
    %store/vec4 v0x557c590440_0, 0, 5;
    %delay 4000, 0;
    %load/vec4 v0x557c5900c0_0;
    %store/vec4 v0x557c58eca0_0, 0, 64;
    %pushi/vec4 1, 0, 64;
    %store/vec4 v0x557c58ed80_0, 0, 64;
    %pushi/vec4 2463945448, 0, 122;
    %concati/vec4 3535984704, 0, 32;
    %concati/vec4 2898450666, 0, 32;
    %concati/vec4 3393226448, 0, 32;
    %concati/vec4 3402028608, 0, 32;
    %concati/vec4 49, 0, 7;
    %store/vec4 v0x557c58ef20_0, 0, 257;
    %load/vec4 v0x557c590750_0;
    %store/vec4 v0x557c58ee60_0, 0, 8;
    %fork TD_RegisterFileTest_v.passTest, S_0x557c58eaa0;
    %join;
    %load/vec4 v0x557c58ee60_0;
    %store/vec4 v0x557c590750_0, 0, 8;
    %load/vec4 v0x557c5901a0_0;
    %store/vec4 v0x557c58eca0_0, 0, 64;
    %pushi/vec4 2, 0, 64;
    %store/vec4 v0x557c58ed80_0, 0, 64;
    %pushi/vec4 2463945448, 0, 122;
    %concati/vec4 3535984704, 0, 32;
    %concati/vec4 2898450666, 0, 32;
    %concati/vec4 3393226448, 0, 32;
    %concati/vec4 3402028608, 0, 32;
    %concati/vec4 50, 0, 7;
    %store/vec4 v0x557c58ef20_0, 0, 257;
    %load/vec4 v0x557c590750_0;
    %store/vec4 v0x557c58ee60_0, 0, 8;
    %fork TD_RegisterFileTest_v.passTest, S_0x557c58eaa0;
    %join;
    %load/vec4 v0x557c58ee60_0;
    %store/vec4 v0x557c590750_0, 0, 8;
    %delay 6000, 0;
    %pushi/vec4 0, 0, 1;
    %store/vec4 v0x557c590370_0, 0, 1;
    %delay 10000, 0;
    %pushi/vec4 1, 0, 1;
    %store/vec4 v0x557c590370_0, 0, 1;
    %load/vec4 v0x557c5900c0_0;
    %store/vec4 v0x557c58eca0_0, 0, 64;
    %pushi/vec4 305419896, 0, 64;
    %store/vec4 v0x557c58ed80_0, 0, 64;
    %pushi/vec4 2898450666, 0, 170;
    %concati/vec4 3393235680, 0, 32;
    %concati/vec4 3368216778, 0, 32;
    %concati/vec4 6561841, 0, 23;
    %store/vec4 v0x557c58ef20_0, 0, 257;
    %load/vec4 v0x557c590750_0;
    %store/vec4 v0x557c58ee60_0, 0, 8;
    %fork TD_RegisterFileTest_v.passTest, S_0x557c58eaa0;
    %join;
    %load/vec4 v0x557c58ee60_0;
    %store/vec4 v0x557c590750_0, 0, 8;
    %load/vec4 v0x557c5901a0_0;
    %store/vec4 v0x557c58eca0_0, 0, 64;
    %pushi/vec4 2, 0, 64;
    %store/vec4 v0x557c58ed80_0, 0, 64;
    %pushi/vec4 2898450666, 0, 138;
    %concati/vec4 3393234664, 0, 32;
    %concati/vec4 3270691528, 0, 32;
    %concati/vec4 2169341365, 0, 33;
    %concati/vec4 2433073, 0, 22;
    %store/vec4 v0x557c58ef20_0, 0, 257;
    %load/vec4 v0x557c590750_0;
    %store/vec4 v0x557c58ee60_0, 0, 8;
    %fork TD_RegisterFileTest_v.passTest, S_0x557c58eaa0;
    %join;
    %load/vec4 v0x557c58ee60_0;
    %store/vec4 v0x557c590750_0, 0, 8;
    %pushi/vec4 3358588928, 0, 35;
    %concati/vec4 610839792, 0, 45;
    %split/vec4 1;
    %store/vec4 v0x557c590680_0, 0, 1;
    %split/vec4 64;
    %store/vec4 v0x557c590270_0, 0, 64;
    %split/vec4 5;
    %store/vec4 v0x557c5905b0_0, 0, 5;
    %split/vec4 5;
    %store/vec4 v0x557c5904e0_0, 0, 5;
    %store/vec4 v0x557c590440_0, 0, 5;
    %delay 4000, 0;
    %load/vec4 v0x557c5900c0_0;
    %store/vec4 v0x557c58eca0_0, 0, 64;
    %pushi/vec4 3, 0, 64;
    %store/vec4 v0x557c58ed80_0, 0, 64;
    %pushi/vec4 2463945448, 0, 122;
    %concati/vec4 3535984704, 0, 32;
    %concati/vec4 2898450666, 0, 32;
    %concati/vec4 3393226448, 0, 32;
    %concati/vec4 3402028608, 0, 32;
    %concati/vec4 51, 0, 7;
    %store/vec4 v0x557c58ef20_0, 0, 257;
    %load/vec4 v0x557c590750_0;
    %store/vec4 v0x557c58ee60_0, 0, 8;
    %fork TD_RegisterFileTest_v.passTest, S_0x557c58eaa0;
    %join;
    %load/vec4 v0x557c58ee60_0;
    %store/vec4 v0x557c590750_0, 0, 8;
    %load/vec4 v0x557c5901a0_0;
    %store/vec4 v0x557c58eca0_0, 0, 64;
    %pushi/vec4 4, 0, 64;
    %store/vec4 v0x557c58ed80_0, 0, 64;
    %pushi/vec4 2463945448, 0, 122;
    %concati/vec4 3535984704, 0, 32;
    %concati/vec4 2898450666, 0, 32;
    %concati/vec4 3393226448, 0, 32;
    %concati/vec4 3402028608, 0, 32;
    %concati/vec4 52, 0, 7;
    %store/vec4 v0x557c58ef20_0, 0, 257;
    %load/vec4 v0x557c590750_0;
    %store/vec4 v0x557c58ee60_0, 0, 8;
    %fork TD_RegisterFileTest_v.passTest, S_0x557c58eaa0;
    %join;
    %load/vec4 v0x557c58ee60_0;
    %store/vec4 v0x557c590750_0, 0, 8;
    %delay 6000, 0;
    %pushi/vec4 0, 0, 1;
    %store/vec4 v0x557c590370_0, 0, 1;
    %delay 10000, 0;
    %pushi/vec4 1, 0, 1;
    %store/vec4 v0x557c590370_0, 0, 1;
    %load/vec4 v0x557c5900c0_0;
    %store/vec4 v0x557c58eca0_0, 0, 64;
    %pushi/vec4 3, 0, 64;
    %store/vec4 v0x557c58ed80_0, 0, 64;
    %pushi/vec4 2898450666, 0, 138;
    %concati/vec4 3393232094, 0, 32;
    %concati/vec4 3896552160, 0, 32;
    %concati/vec4 3368216778, 0, 32;
    %concati/vec4 6561842, 0, 23;
    %store/vec4 v0x557c58ef20_0, 0, 257;
    %load/vec4 v0x557c590750_0;
    %store/vec4 v0x557c58ee60_0, 0, 8;
    %fork TD_RegisterFileTest_v.passTest, S_0x557c58eaa0;
    %join;
    %load/vec4 v0x557c58ee60_0;
    %store/vec4 v0x557c590750_0, 0, 8;
    %load/vec4 v0x557c5901a0_0;
    %store/vec4 v0x557c58eca0_0, 0, 64;
    %pushi/vec4 4, 0, 64;
    %store/vec4 v0x557c58ed80_0, 0, 64;
    %pushi/vec4 2898450666, 0, 138;
    %concati/vec4 3393234664, 0, 32;
    %concati/vec4 3270691528, 0, 32;
    %concati/vec4 2169341365, 0, 33;
    %concati/vec4 2433074, 0, 22;
    %store/vec4 v0x557c58ef20_0, 0, 257;
    %load/vec4 v0x557c590750_0;
    %store/vec4 v0x557c58ee60_0, 0, 8;
    %fork TD_RegisterFileTest_v.passTest, S_0x557c58eaa0;
    %join;
    %load/vec4 v0x557c58ee60_0;
    %store/vec4 v0x557c590750_0, 0, 8;
    %pushi/vec4 2786590720, 0, 34;
    %concati/vec4 610839792, 0, 46;
    %split/vec4 1;
    %store/vec4 v0x557c590680_0, 0, 1;
    %split/vec4 64;
    %store/vec4 v0x557c590270_0, 0, 64;
    %split/vec4 5;
    %store/vec4 v0x557c5905b0_0, 0, 5;
    %split/vec4 5;
    %store/vec4 v0x557c5904e0_0, 0, 5;
    %store/vec4 v0x557c590440_0, 0, 5;
    %delay 4000, 0;
    %load/vec4 v0x557c5900c0_0;
    %store/vec4 v0x557c58eca0_0, 0, 64;
    %pushi/vec4 5, 0, 64;
    %store/vec4 v0x557c58ed80_0, 0, 64;
    %pushi/vec4 2463945448, 0, 122;
    %concati/vec4 3535984704, 0, 32;
    %concati/vec4 2898450666, 0, 32;
    %concati/vec4 3393226448, 0, 32;
    %concati/vec4 3402028608, 0, 32;
    %concati/vec4 53, 0, 7;
    %store/vec4 v0x557c58ef20_0, 0, 257;
    %load/vec4 v0x557c590750_0;
    %store/vec4 v0x557c58ee60_0, 0, 8;
    %fork TD_RegisterFileTest_v.passTest, S_0x557c58eaa0;
    %join;
    %load/vec4 v0x557c58ee60_0;
    %store/vec4 v0x557c590750_0, 0, 8;
    %load/vec4 v0x557c5901a0_0;
    %store/vec4 v0x557c58eca0_0, 0, 64;
    %pushi/vec4 6, 0, 64;
    %store/vec4 v0x557c58ed80_0, 0, 64;
    %pushi/vec4 2463945448, 0, 122;
    %concati/vec4 3535984704, 0, 32;
    %concati/vec4 2898450666, 0, 32;
    %concati/vec4 3393226448, 0, 32;
    %concati/vec4 3402028608, 0, 32;
    %concati/vec4 54, 0, 7;
    %store/vec4 v0x557c58ef20_0, 0, 257;
    %load/vec4 v0x557c590750_0;
    %store/vec4 v0x557c58ee60_0, 0, 8;
    %fork TD_RegisterFileTest_v.passTest, S_0x557c58eaa0;
    %join;
    %load/vec4 v0x557c58ee60_0;
    %store/vec4 v0x557c590750_0, 0, 8;
    %delay 6000, 0;
    %pushi/vec4 0, 0, 1;
    %store/vec4 v0x557c590370_0, 0, 1;
    %delay 10000, 0;
    %pushi/vec4 1, 0, 1;
    %store/vec4 v0x557c590370_0, 0, 1;
    %load/vec4 v0x557c5900c0_0;
    %store/vec4 v0x557c58eca0_0, 0, 64;
    %pushi/vec4 5, 0, 64;
    %store/vec4 v0x557c58ed80_0, 0, 64;
    %pushi/vec4 2898450666, 0, 138;
    %concati/vec4 3393232094, 0, 32;
    %concati/vec4 3896552160, 0, 32;
    %concati/vec4 3368216778, 0, 32;
    %concati/vec4 6561843, 0, 23;
    %store/vec4 v0x557c58ef20_0, 0, 257;
    %load/vec4 v0x557c590750_0;
    %store/vec4 v0x557c58ee60_0, 0, 8;
    %fork TD_RegisterFileTest_v.passTest, S_0x557c58eaa0;
    %join;
    %load/vec4 v0x557c58ee60_0;
    %store/vec4 v0x557c590750_0, 0, 8;
    %load/vec4 v0x557c5901a0_0;
    %store/vec4 v0x557c58eca0_0, 0, 64;
    %pushi/vec4 6, 0, 64;
    %store/vec4 v0x557c58ed80_0, 0, 64;
    %pushi/vec4 2898450666, 0, 138;
    %concati/vec4 3393234664, 0, 32;
    %concati/vec4 3270691528, 0, 32;
    %concati/vec4 2169341365, 0, 33;
    %concati/vec4 2433075, 0, 22;
    %store/vec4 v0x557c58ef20_0, 0, 257;
    %load/vec4 v0x557c590750_0;
    %store/vec4 v0x557c58ee60_0, 0, 8;
    %fork TD_RegisterFileTest_v.passTest, S_0x557c58eaa0;
    %join;
    %load/vec4 v0x557c58ee60_0;
    %store/vec4 v0x557c590750_0, 0, 8;
    %pushi/vec4 3893886976, 0, 34;
    %concati/vec4 610839792, 0, 46;
    %split/vec4 1;
    %store/vec4 v0x557c590680_0, 0, 1;
    %split/vec4 64;
    %store/vec4 v0x557c590270_0, 0, 64;
    %split/vec4 5;
    %store/vec4 v0x557c5905b0_0, 0, 5;
    %split/vec4 5;
    %store/vec4 v0x557c5904e0_0, 0, 5;
    %store/vec4 v0x557c590440_0, 0, 5;
    %delay 4000, 0;
    %load/vec4 v0x557c5900c0_0;
    %store/vec4 v0x557c58eca0_0, 0, 64;
    %pushi/vec4 7, 0, 64;
    %store/vec4 v0x557c58ed80_0, 0, 64;
    %pushi/vec4 2463945448, 0, 122;
    %concati/vec4 3535984704, 0, 32;
    %concati/vec4 2898450666, 0, 32;
    %concati/vec4 3393226448, 0, 32;
    %concati/vec4 3402028608, 0, 32;
    %concati/vec4 55, 0, 7;
    %store/vec4 v0x557c58ef20_0, 0, 257;
    %load/vec4 v0x557c590750_0;
    %store/vec4 v0x557c58ee60_0, 0, 8;
    %fork TD_RegisterFileTest_v.passTest, S_0x557c58eaa0;
    %join;
    %load/vec4 v0x557c58ee60_0;
    %store/vec4 v0x557c590750_0, 0, 8;
    %load/vec4 v0x557c5901a0_0;
    %store/vec4 v0x557c58eca0_0, 0, 64;
    %pushi/vec4 8, 0, 64;
    %store/vec4 v0x557c58ed80_0, 0, 64;
    %pushi/vec4 2463945448, 0, 122;
    %concati/vec4 3535984704, 0, 32;
    %concati/vec4 2898450666, 0, 32;
    %concati/vec4 3393226448, 0, 32;
    %concati/vec4 3402028608, 0, 32;
    %concati/vec4 56, 0, 7;
    %store/vec4 v0x557c58ef20_0, 0, 257;
    %load/vec4 v0x557c590750_0;
    %store/vec4 v0x557c58ee60_0, 0, 8;
    %fork TD_RegisterFileTest_v.passTest, S_0x557c58eaa0;
    %join;
    %load/vec4 v0x557c58ee60_0;
    %store/vec4 v0x557c590750_0, 0, 8;
    %delay 6000, 0;
    %pushi/vec4 0, 0, 1;
    %store/vec4 v0x557c590370_0, 0, 1;
    %delay 10000, 0;
    %pushi/vec4 1, 0, 1;
    %store/vec4 v0x557c590370_0, 0, 1;
    %load/vec4 v0x557c5900c0_0;
    %store/vec4 v0x557c58eca0_0, 0, 64;
    %pushi/vec4 7, 0, 64;
    %store/vec4 v0x557c58ed80_0, 0, 64;
    %pushi/vec4 2898450666, 0, 138;
    %concati/vec4 3393232094, 0, 32;
    %concati/vec4 3896552160, 0, 32;
    %concati/vec4 3368216778, 0, 32;
    %concati/vec4 6561844, 0, 23;
    %store/vec4 v0x557c58ef20_0, 0, 257;
    %load/vec4 v0x557c590750_0;
    %store/vec4 v0x557c58ee60_0, 0, 8;
    %fork TD_RegisterFileTest_v.passTest, S_0x557c58eaa0;
    %join;
    %load/vec4 v0x557c58ee60_0;
    %store/vec4 v0x557c590750_0, 0, 8;
    %load/vec4 v0x557c5901a0_0;
    %store/vec4 v0x557c58eca0_0, 0, 64;
    %pushi/vec4 8, 0, 64;
    %store/vec4 v0x557c58ed80_0, 0, 64;
    %pushi/vec4 2898450666, 0, 138;
    %concati/vec4 3393234664, 0, 32;
    %concati/vec4 3270691528, 0, 32;
    %concati/vec4 2169341365, 0, 33;
    %concati/vec4 2433076, 0, 22;
    %store/vec4 v0x557c58ef20_0, 0, 257;
    %load/vec4 v0x557c590750_0;
    %store/vec4 v0x557c58ee60_0, 0, 8;
    %fork TD_RegisterFileTest_v.passTest, S_0x557c58eaa0;
    %join;
    %load/vec4 v0x557c58ee60_0;
    %store/vec4 v0x557c590750_0, 0, 8;
    %pushi/vec4 2500591616, 0, 33;
    %concati/vec4 610839792, 0, 47;
    %split/vec4 1;
    %store/vec4 v0x557c590680_0, 0, 1;
    %split/vec4 64;
    %store/vec4 v0x557c590270_0, 0, 64;
    %split/vec4 5;
    %store/vec4 v0x557c5905b0_0, 0, 5;
    %split/vec4 5;
    %store/vec4 v0x557c5904e0_0, 0, 5;
    %store/vec4 v0x557c590440_0, 0, 5;
    %delay 4000, 0;
    %load/vec4 v0x557c5900c0_0;
    %store/vec4 v0x557c58eca0_0, 0, 64;
    %pushi/vec4 9, 0, 64;
    %store/vec4 v0x557c58ed80_0, 0, 64;
    %pushi/vec4 2463945448, 0, 122;
    %concati/vec4 3535984704, 0, 32;
    %concati/vec4 2898450666, 0, 32;
    %concati/vec4 3393226448, 0, 32;
    %concati/vec4 3402028608, 0, 32;
    %concati/vec4 57, 0, 7;
    %store/vec4 v0x557c58ef20_0, 0, 257;
    %load/vec4 v0x557c590750_0;
    %store/vec4 v0x557c58ee60_0, 0, 8;
    %fork TD_RegisterFileTest_v.passTest, S_0x557c58eaa0;
    %join;
    %load/vec4 v0x557c58ee60_0;
    %store/vec4 v0x557c590750_0, 0, 8;
    %load/vec4 v0x557c5901a0_0;
    %store/vec4 v0x557c58eca0_0, 0, 64;
    %pushi/vec4 10, 0, 64;
    %store/vec4 v0x557c58ed80_0, 0, 64;
    %pushi/vec4 2463945448, 0, 114;
    %concati/vec4 3535984704, 0, 32;
    %concati/vec4 2898450666, 0, 32;
    %concati/vec4 3393226448, 0, 32;
    %concati/vec4 3402028608, 0, 32;
    %concati/vec4 12592, 0, 15;
    %store/vec4 v0x557c58ef20_0, 0, 257;
    %load/vec4 v0x557c590750_0;
    %store/vec4 v0x557c58ee60_0, 0, 8;
    %fork TD_RegisterFileTest_v.passTest, S_0x557c58eaa0;
    %join;
    %load/vec4 v0x557c58ee60_0;
    %store/vec4 v0x557c590750_0, 0, 8;
    %delay 6000, 0;
    %pushi/vec4 0, 0, 1;
    %store/vec4 v0x557c590370_0, 0, 1;
    %delay 10000, 0;
    %pushi/vec4 1, 0, 1;
    %store/vec4 v0x557c590370_0, 0, 1;
    %load/vec4 v0x557c5900c0_0;
    %store/vec4 v0x557c58eca0_0, 0, 64;
    %pushi/vec4 9, 0, 64;
    %store/vec4 v0x557c58ed80_0, 0, 64;
    %pushi/vec4 2898450666, 0, 138;
    %concati/vec4 3393232094, 0, 32;
    %concati/vec4 3896552160, 0, 32;
    %concati/vec4 3368216778, 0, 32;
    %concati/vec4 6561845, 0, 23;
    %store/vec4 v0x557c58ef20_0, 0, 257;
    %load/vec4 v0x557c590750_0;
    %store/vec4 v0x557c58ee60_0, 0, 8;
    %fork TD_RegisterFileTest_v.passTest, S_0x557c58eaa0;
    %join;
    %load/vec4 v0x557c58ee60_0;
    %store/vec4 v0x557c590750_0, 0, 8;
    %load/vec4 v0x557c5901a0_0;
    %store/vec4 v0x557c58eca0_0, 0, 64;
    %pushi/vec4 10, 0, 64;
    %store/vec4 v0x557c58ed80_0, 0, 64;
    %pushi/vec4 2898450666, 0, 138;
    %concati/vec4 3393234664, 0, 32;
    %concati/vec4 3270691528, 0, 32;
    %concati/vec4 2169341365, 0, 33;
    %concati/vec4 2433077, 0, 22;
    %store/vec4 v0x557c58ef20_0, 0, 257;
    %load/vec4 v0x557c590750_0;
    %store/vec4 v0x557c58ee60_0, 0, 8;
    %fork TD_RegisterFileTest_v.passTest, S_0x557c58eaa0;
    %join;
    %load/vec4 v0x557c58ee60_0;
    %store/vec4 v0x557c590750_0, 0, 8;
    %pushi/vec4 3054239744, 0, 33;
    %concati/vec4 610839792, 0, 47;
    %split/vec4 1;
    %store/vec4 v0x557c590680_0, 0, 1;
    %split/vec4 64;
    %store/vec4 v0x557c590270_0, 0, 64;
    %split/vec4 5;
    %store/vec4 v0x557c5905b0_0, 0, 5;
    %split/vec4 5;
    %store/vec4 v0x557c5904e0_0, 0, 5;
    %store/vec4 v0x557c590440_0, 0, 5;
    %delay 4000, 0;
    %load/vec4 v0x557c5900c0_0;
    %store/vec4 v0x557c58eca0_0, 0, 64;
    %pushi/vec4 11, 0, 64;
    %store/vec4 v0x557c58ed80_0, 0, 64;
    %pushi/vec4 2463945448, 0, 114;
    %concati/vec4 3535984704, 0, 32;
    %concati/vec4 2898450666, 0, 32;
    %concati/vec4 3393226448, 0, 32;
    %concati/vec4 3402028608, 0, 32;
    %concati/vec4 12593, 0, 15;
    %store/vec4 v0x557c58ef20_0, 0, 257;
    %load/vec4 v0x557c590750_0;
    %store/vec4 v0x557c58ee60_0, 0, 8;
    %fork TD_RegisterFileTest_v.passTest, S_0x557c58eaa0;
    %join;
    %load/vec4 v0x557c58ee60_0;
    %store/vec4 v0x557c590750_0, 0, 8;
    %load/vec4 v0x557c5901a0_0;
    %store/vec4 v0x557c58eca0_0, 0, 64;
    %pushi/vec4 12, 0, 64;
    %store/vec4 v0x557c58ed80_0, 0, 64;
    %pushi/vec4 2463945448, 0, 114;
    %concati/vec4 3535984704, 0, 32;
    %concati/vec4 2898450666, 0, 32;
    %concati/vec4 3393226448, 0, 32;
    %concati/vec4 3402028608, 0, 32;
    %concati/vec4 12594, 0, 15;
    %store/vec4 v0x557c58ef20_0, 0, 257;
    %load/vec4 v0x557c590750_0;
    %store/vec4 v0x557c58ee60_0, 0, 8;
    %fork TD_RegisterFileTest_v.passTest, S_0x557c58eaa0;
    %join;
    %load/vec4 v0x557c58ee60_0;
    %store/vec4 v0x557c590750_0, 0, 8;
    %delay 6000, 0;
    %pushi/vec4 0, 0, 1;
    %store/vec4 v0x557c590370_0, 0, 1;
    %delay 10000, 0;
    %pushi/vec4 1, 0, 1;
    %store/vec4 v0x557c590370_0, 0, 1;
    %load/vec4 v0x557c5900c0_0;
    %store/vec4 v0x557c58eca0_0, 0, 64;
    %pushi/vec4 11, 0, 64;
    %store/vec4 v0x557c58ed80_0, 0, 64;
    %pushi/vec4 2898450666, 0, 138;
    %concati/vec4 3393232094, 0, 32;
    %concati/vec4 3896552160, 0, 32;
    %concati/vec4 3368216778, 0, 32;
    %concati/vec4 6561846, 0, 23;
    %store/vec4 v0x557c58ef20_0, 0, 257;
    %load/vec4 v0x557c590750_0;
    %store/vec4 v0x557c58ee60_0, 0, 8;
    %fork TD_RegisterFileTest_v.passTest, S_0x557c58eaa0;
    %join;
    %load/vec4 v0x557c58ee60_0;
    %store/vec4 v0x557c590750_0, 0, 8;
    %load/vec4 v0x557c5901a0_0;
    %store/vec4 v0x557c58eca0_0, 0, 64;
    %pushi/vec4 12, 0, 64;
    %store/vec4 v0x557c58ed80_0, 0, 64;
    %pushi/vec4 2898450666, 0, 138;
    %concati/vec4 3393234664, 0, 32;
    %concati/vec4 3270691528, 0, 32;
    %concati/vec4 2169341365, 0, 33;
    %concati/vec4 2433078, 0, 22;
    %store/vec4 v0x557c58ef20_0, 0, 257;
    %load/vec4 v0x557c590750_0;
    %store/vec4 v0x557c58ee60_0, 0, 8;
    %fork TD_RegisterFileTest_v.passTest, S_0x557c58eaa0;
    %join;
    %load/vec4 v0x557c58ee60_0;
    %store/vec4 v0x557c590750_0, 0, 8;
    %pushi/vec4 3607887872, 0, 33;
    %concati/vec4 610839792, 0, 47;
    %split/vec4 1;
    %store/vec4 v0x557c590680_0, 0, 1;
    %split/vec4 64;
    %store/vec4 v0x557c590270_0, 0, 64;
    %split/vec4 5;
    %store/vec4 v0x557c5905b0_0, 0, 5;
    %split/vec4 5;
    %store/vec4 v0x557c5904e0_0, 0, 5;
    %store/vec4 v0x557c590440_0, 0, 5;
    %delay 4000, 0;
    %load/vec4 v0x557c5900c0_0;
    %store/vec4 v0x557c58eca0_0, 0, 64;
    %pushi/vec4 13, 0, 64;
    %store/vec4 v0x557c58ed80_0, 0, 64;
    %pushi/vec4 2463945448, 0, 114;
    %concati/vec4 3535984704, 0, 32;
    %concati/vec4 2898450666, 0, 32;
    %concati/vec4 3393226448, 0, 32;
    %concati/vec4 3402028608, 0, 32;
    %concati/vec4 12595, 0, 15;
    %store/vec4 v0x557c58ef20_0, 0, 257;
    %load/vec4 v0x557c590750_0;
    %store/vec4 v0x557c58ee60_0, 0, 8;
    %fork TD_RegisterFileTest_v.passTest, S_0x557c58eaa0;
    %join;
    %load/vec4 v0x557c58ee60_0;
    %store/vec4 v0x557c590750_0, 0, 8;
    %load/vec4 v0x557c5901a0_0;
    %store/vec4 v0x557c58eca0_0, 0, 64;
    %pushi/vec4 14, 0, 64;
    %store/vec4 v0x557c58ed80_0, 0, 64;
    %pushi/vec4 2463945448, 0, 114;
    %concati/vec4 3535984704, 0, 32;
    %concati/vec4 2898450666, 0, 32;
    %concati/vec4 3393226448, 0, 32;
    %concati/vec4 3402028608, 0, 32;
    %concati/vec4 12596, 0, 15;
    %store/vec4 v0x557c58ef20_0, 0, 257;
    %load/vec4 v0x557c590750_0;
    %store/vec4 v0x557c58ee60_0, 0, 8;
    %fork TD_RegisterFileTest_v.passTest, S_0x557c58eaa0;
    %join;
    %load/vec4 v0x557c58ee60_0;
    %store/vec4 v0x557c590750_0, 0, 8;
    %delay 6000, 0;
    %pushi/vec4 0, 0, 1;
    %store/vec4 v0x557c590370_0, 0, 1;
    %delay 10000, 0;
    %pushi/vec4 1, 0, 1;
    %store/vec4 v0x557c590370_0, 0, 1;
    %load/vec4 v0x557c5900c0_0;
    %store/vec4 v0x557c58eca0_0, 0, 64;
    %pushi/vec4 13, 0, 64;
    %store/vec4 v0x557c58ed80_0, 0, 64;
    %pushi/vec4 2898450666, 0, 138;
    %concati/vec4 3393232094, 0, 32;
    %concati/vec4 3896552160, 0, 32;
    %concati/vec4 3368216778, 0, 32;
    %concati/vec4 6561847, 0, 23;
    %store/vec4 v0x557c58ef20_0, 0, 257;
    %load/vec4 v0x557c590750_0;
    %store/vec4 v0x557c58ee60_0, 0, 8;
    %fork TD_RegisterFileTest_v.passTest, S_0x557c58eaa0;
    %join;
    %load/vec4 v0x557c58ee60_0;
    %store/vec4 v0x557c590750_0, 0, 8;
    %load/vec4 v0x557c5901a0_0;
    %store/vec4 v0x557c58eca0_0, 0, 64;
    %pushi/vec4 14, 0, 64;
    %store/vec4 v0x557c58ed80_0, 0, 64;
    %pushi/vec4 2898450666, 0, 138;
    %concati/vec4 3393234664, 0, 32;
    %concati/vec4 3270691528, 0, 32;
    %concati/vec4 2169341365, 0, 33;
    %concati/vec4 2433079, 0, 22;
    %store/vec4 v0x557c58ef20_0, 0, 257;
    %load/vec4 v0x557c590750_0;
    %store/vec4 v0x557c58ee60_0, 0, 8;
    %fork TD_RegisterFileTest_v.passTest, S_0x557c58eaa0;
    %join;
    %load/vec4 v0x557c58ee60_0;
    %store/vec4 v0x557c590750_0, 0, 8;
    %pushi/vec4 4161536000, 0, 33;
    %concati/vec4 610839792, 0, 47;
    %split/vec4 1;
    %store/vec4 v0x557c590680_0, 0, 1;
    %split/vec4 64;
    %store/vec4 v0x557c590270_0, 0, 64;
    %split/vec4 5;
    %store/vec4 v0x557c5905b0_0, 0, 5;
    %split/vec4 5;
    %store/vec4 v0x557c5904e0_0, 0, 5;
    %store/vec4 v0x557c590440_0, 0, 5;
    %delay 4000, 0;
    %load/vec4 v0x557c5900c0_0;
    %store/vec4 v0x557c58eca0_0, 0, 64;
    %pushi/vec4 15, 0, 64;
    %store/vec4 v0x557c58ed80_0, 0, 64;
    %pushi/vec4 2463945448, 0, 114;
    %concati/vec4 3535984704, 0, 32;
    %concati/vec4 2898450666, 0, 32;
    %concati/vec4 3393226448, 0, 32;
    %concati/vec4 3402028608, 0, 32;
    %concati/vec4 12597, 0, 15;
    %store/vec4 v0x557c58ef20_0, 0, 257;
    %load/vec4 v0x557c590750_0;
    %store/vec4 v0x557c58ee60_0, 0, 8;
    %fork TD_RegisterFileTest_v.passTest, S_0x557c58eaa0;
    %join;
    %load/vec4 v0x557c58ee60_0;
    %store/vec4 v0x557c590750_0, 0, 8;
    %load/vec4 v0x557c5901a0_0;
    %store/vec4 v0x557c58eca0_0, 0, 64;
    %pushi/vec4 16, 0, 64;
    %store/vec4 v0x557c58ed80_0, 0, 64;
    %pushi/vec4 2463945448, 0, 114;
    %concati/vec4 3535984704, 0, 32;
    %concati/vec4 2898450666, 0, 32;
    %concati/vec4 3393226448, 0, 32;
    %concati/vec4 3402028608, 0, 32;
    %concati/vec4 12598, 0, 15;
    %store/vec4 v0x557c58ef20_0, 0, 257;
    %load/vec4 v0x557c590750_0;
    %store/vec4 v0x557c58ee60_0, 0, 8;
    %fork TD_RegisterFileTest_v.passTest, S_0x557c58eaa0;
    %join;
    %load/vec4 v0x557c58ee60_0;
    %store/vec4 v0x557c590750_0, 0, 8;
    %delay 6000, 0;
    %pushi/vec4 0, 0, 1;
    %store/vec4 v0x557c590370_0, 0, 1;
    %delay 10000, 0;
    %pushi/vec4 1, 0, 1;
    %store/vec4 v0x557c590370_0, 0, 1;
    %load/vec4 v0x557c5900c0_0;
    %store/vec4 v0x557c58eca0_0, 0, 64;
    %pushi/vec4 15, 0, 64;
    %store/vec4 v0x557c58ed80_0, 0, 64;
    %pushi/vec4 2898450666, 0, 138;
    %concati/vec4 3393232094, 0, 32;
    %concati/vec4 3896552160, 0, 32;
    %concati/vec4 3368216778, 0, 32;
    %concati/vec4 6561848, 0, 23;
    %store/vec4 v0x557c58ef20_0, 0, 257;
    %load/vec4 v0x557c590750_0;
    %store/vec4 v0x557c58ee60_0, 0, 8;
    %fork TD_RegisterFileTest_v.passTest, S_0x557c58eaa0;
    %join;
    %load/vec4 v0x557c58ee60_0;
    %store/vec4 v0x557c590750_0, 0, 8;
    %load/vec4 v0x557c5901a0_0;
    %store/vec4 v0x557c58eca0_0, 0, 64;
    %pushi/vec4 16, 0, 64;
    %store/vec4 v0x557c58ed80_0, 0, 64;
    %pushi/vec4 2898450666, 0, 138;
    %concati/vec4 3393234664, 0, 32;
    %concati/vec4 3270691528, 0, 32;
    %concati/vec4 2169341365, 0, 33;
    %concati/vec4 2433080, 0, 22;
    %store/vec4 v0x557c58ef20_0, 0, 257;
    %load/vec4 v0x557c590750_0;
    %store/vec4 v0x557c58ee60_0, 0, 8;
    %fork TD_RegisterFileTest_v.passTest, S_0x557c58eaa0;
    %join;
    %load/vec4 v0x557c58ee60_0;
    %store/vec4 v0x557c590750_0, 0, 8;
    %pushi/vec4 2357592064, 0, 32;
    %concati/vec4 610839792, 0, 48;
    %split/vec4 1;
    %store/vec4 v0x557c590680_0, 0, 1;
    %split/vec4 64;
    %store/vec4 v0x557c590270_0, 0, 64;
    %split/vec4 5;
    %store/vec4 v0x557c5905b0_0, 0, 5;
    %split/vec4 5;
    %store/vec4 v0x557c5904e0_0, 0, 5;
    %store/vec4 v0x557c590440_0, 0, 5;
    %delay 4000, 0;
    %load/vec4 v0x557c5900c0_0;
    %store/vec4 v0x557c58eca0_0, 0, 64;
    %pushi/vec4 17, 0, 64;
    %store/vec4 v0x557c58ed80_0, 0, 64;
    %pushi/vec4 2463945448, 0, 114;
    %concati/vec4 3535984704, 0, 32;
    %concati/vec4 2898450666, 0, 32;
    %concati/vec4 3393226448, 0, 32;
    %concati/vec4 3402028608, 0, 32;
    %concati/vec4 12599, 0, 15;
    %store/vec4 v0x557c58ef20_0, 0, 257;
    %load/vec4 v0x557c590750_0;
    %store/vec4 v0x557c58ee60_0, 0, 8;
    %fork TD_RegisterFileTest_v.passTest, S_0x557c58eaa0;
    %join;
    %load/vec4 v0x557c58ee60_0;
    %store/vec4 v0x557c590750_0, 0, 8;
    %load/vec4 v0x557c5901a0_0;
    %store/vec4 v0x557c58eca0_0, 0, 64;
    %pushi/vec4 18, 0, 64;
    %store/vec4 v0x557c58ed80_0, 0, 64;
    %pushi/vec4 2463945448, 0, 114;
    %concati/vec4 3535984704, 0, 32;
    %concati/vec4 2898450666, 0, 32;
    %concati/vec4 3393226448, 0, 32;
    %concati/vec4 3402028608, 0, 32;
    %concati/vec4 12600, 0, 15;
    %store/vec4 v0x557c58ef20_0, 0, 257;
    %load/vec4 v0x557c590750_0;
    %store/vec4 v0x557c58ee60_0, 0, 8;
    %fork TD_RegisterFileTest_v.passTest, S_0x557c58eaa0;
    %join;
    %load/vec4 v0x557c58ee60_0;
    %store/vec4 v0x557c590750_0, 0, 8;
    %delay 6000, 0;
    %pushi/vec4 0, 0, 1;
    %store/vec4 v0x557c590370_0, 0, 1;
    %delay 10000, 0;
    %pushi/vec4 1, 0, 1;
    %store/vec4 v0x557c590370_0, 0, 1;
    %load/vec4 v0x557c5900c0_0;
    %store/vec4 v0x557c58eca0_0, 0, 64;
    %pushi/vec4 17, 0, 64;
    %store/vec4 v0x557c58ed80_0, 0, 64;
    %pushi/vec4 2898450666, 0, 138;
    %concati/vec4 3393232094, 0, 32;
    %concati/vec4 3896552160, 0, 32;
    %concati/vec4 3368216778, 0, 32;
    %concati/vec4 6561849, 0, 23;
    %store/vec4 v0x557c58ef20_0, 0, 257;
    %load/vec4 v0x557c590750_0;
    %store/vec4 v0x557c58ee60_0, 0, 8;
    %fork TD_RegisterFileTest_v.passTest, S_0x557c58eaa0;
    %join;
    %load/vec4 v0x557c58ee60_0;
    %store/vec4 v0x557c590750_0, 0, 8;
    %load/vec4 v0x557c5901a0_0;
    %store/vec4 v0x557c58eca0_0, 0, 64;
    %pushi/vec4 18, 0, 64;
    %store/vec4 v0x557c58ed80_0, 0, 64;
    %pushi/vec4 2898450666, 0, 138;
    %concati/vec4 3393234664, 0, 32;
    %concati/vec4 3270691528, 0, 32;
    %concati/vec4 2169341365, 0, 33;
    %concati/vec4 2433081, 0, 22;
    %store/vec4 v0x557c58ef20_0, 0, 257;
    %load/vec4 v0x557c590750_0;
    %store/vec4 v0x557c58ee60_0, 0, 8;
    %fork TD_RegisterFileTest_v.passTest, S_0x557c58eaa0;
    %join;
    %load/vec4 v0x557c58ee60_0;
    %store/vec4 v0x557c590750_0, 0, 8;
    %pushi/vec4 2634416128, 0, 32;
    %concati/vec4 610839792, 0, 48;
    %split/vec4 1;
    %store/vec4 v0x557c590680_0, 0, 1;
    %split/vec4 64;
    %store/vec4 v0x557c590270_0, 0, 64;
    %split/vec4 5;
    %store/vec4 v0x557c5905b0_0, 0, 5;
    %split/vec4 5;
    %store/vec4 v0x557c5904e0_0, 0, 5;
    %store/vec4 v0x557c590440_0, 0, 5;
    %delay 4000, 0;
    %load/vec4 v0x557c5900c0_0;
    %store/vec4 v0x557c58eca0_0, 0, 64;
    %pushi/vec4 19, 0, 64;
    %store/vec4 v0x557c58ed80_0, 0, 64;
    %pushi/vec4 2463945448, 0, 114;
    %concati/vec4 3535984704, 0, 32;
    %concati/vec4 2898450666, 0, 32;
    %concati/vec4 3393226448, 0, 32;
    %concati/vec4 3402028608, 0, 32;
    %concati/vec4 12601, 0, 15;
    %store/vec4 v0x557c58ef20_0, 0, 257;
    %load/vec4 v0x557c590750_0;
    %store/vec4 v0x557c58ee60_0, 0, 8;
    %fork TD_RegisterFileTest_v.passTest, S_0x557c58eaa0;
    %join;
    %load/vec4 v0x557c58ee60_0;
    %store/vec4 v0x557c590750_0, 0, 8;
    %load/vec4 v0x557c5901a0_0;
    %store/vec4 v0x557c58eca0_0, 0, 64;
    %pushi/vec4 20, 0, 64;
    %store/vec4 v0x557c58ed80_0, 0, 64;
    %pushi/vec4 2463945448, 0, 114;
    %concati/vec4 3535984704, 0, 32;
    %concati/vec4 2898450666, 0, 32;
    %concati/vec4 3393226448, 0, 32;
    %concati/vec4 3402028608, 0, 32;
    %concati/vec4 12848, 0, 15;
    %store/vec4 v0x557c58ef20_0, 0, 257;
    %load/vec4 v0x557c590750_0;
    %store/vec4 v0x557c58ee60_0, 0, 8;
    %fork TD_RegisterFileTest_v.passTest, S_0x557c58eaa0;
    %join;
    %load/vec4 v0x557c58ee60_0;
    %store/vec4 v0x557c590750_0, 0, 8;
    %delay 6000, 0;
    %pushi/vec4 0, 0, 1;
    %store/vec4 v0x557c590370_0, 0, 1;
    %delay 10000, 0;
    %pushi/vec4 1, 0, 1;
    %store/vec4 v0x557c590370_0, 0, 1;
    %load/vec4 v0x557c5900c0_0;
    %store/vec4 v0x557c58eca0_0, 0, 64;
    %pushi/vec4 19, 0, 64;
    %store/vec4 v0x557c58ed80_0, 0, 64;
    %pushi/vec4 2898450666, 0, 130;
    %concati/vec4 3393232094, 0, 32;
    %concati/vec4 3896552160, 0, 32;
    %concati/vec4 3368216778, 0, 32;
    %concati/vec4 1679831344, 0, 31;
    %store/vec4 v0x557c58ef20_0, 0, 257;
    %load/vec4 v0x557c590750_0;
    %store/vec4 v0x557c58ee60_0, 0, 8;
    %fork TD_RegisterFileTest_v.passTest, S_0x557c58eaa0;
    %join;
    %load/vec4 v0x557c58ee60_0;
    %store/vec4 v0x557c590750_0, 0, 8;
    %load/vec4 v0x557c5901a0_0;
    %store/vec4 v0x557c58eca0_0, 0, 64;
    %pushi/vec4 20, 0, 64;
    %store/vec4 v0x557c58ed80_0, 0, 64;
    %pushi/vec4 2898450666, 0, 130;
    %concati/vec4 3393234664, 0, 32;
    %concati/vec4 3270691528, 0, 32;
    %concati/vec4 2169341365, 0, 33;
    %concati/vec4 622866736, 0, 30;
    %store/vec4 v0x557c58ef20_0, 0, 257;
    %load/vec4 v0x557c590750_0;
    %store/vec4 v0x557c58ee60_0, 0, 8;
    %fork TD_RegisterFileTest_v.passTest, S_0x557c58eaa0;
    %join;
    %load/vec4 v0x557c58ee60_0;
    %store/vec4 v0x557c590750_0, 0, 8;
    %pushi/vec4 2911240192, 0, 32;
    %concati/vec4 610839792, 0, 48;
    %split/vec4 1;
    %store/vec4 v0x557c590680_0, 0, 1;
    %split/vec4 64;
    %store/vec4 v0x557c590270_0, 0, 64;
    %split/vec4 5;
    %store/vec4 v0x557c5905b0_0, 0, 5;
    %split/vec4 5;
    %store/vec4 v0x557c5904e0_0, 0, 5;
    %store/vec4 v0x557c590440_0, 0, 5;
    %delay 4000, 0;
    %load/vec4 v0x557c5900c0_0;
    %store/vec4 v0x557c58eca0_0, 0, 64;
    %pushi/vec4 21, 0, 64;
    %store/vec4 v0x557c58ed80_0, 0, 64;
    %pushi/vec4 2463945448, 0, 114;
    %concati/vec4 3535984704, 0, 32;
    %concati/vec4 2898450666, 0, 32;
    %concati/vec4 3393226448, 0, 32;
    %concati/vec4 3402028608, 0, 32;
    %concati/vec4 12849, 0, 15;
    %store/vec4 v0x557c58ef20_0, 0, 257;
    %load/vec4 v0x557c590750_0;
    %store/vec4 v0x557c58ee60_0, 0, 8;
    %fork TD_RegisterFileTest_v.passTest, S_0x557c58eaa0;
    %join;
    %load/vec4 v0x557c58ee60_0;
    %store/vec4 v0x557c590750_0, 0, 8;
    %load/vec4 v0x557c5901a0_0;
    %store/vec4 v0x557c58eca0_0, 0, 64;
    %pushi/vec4 22, 0, 64;
    %store/vec4 v0x557c58ed80_0, 0, 64;
    %pushi/vec4 2463945448, 0, 114;
    %concati/vec4 3535984704, 0, 32;
    %concati/vec4 2898450666, 0, 32;
    %concati/vec4 3393226448, 0, 32;
    %concati/vec4 3402028608, 0, 32;
    %concati/vec4 12850, 0, 15;
    %store/vec4 v0x557c58ef20_0, 0, 257;
    %load/vec4 v0x557c590750_0;
    %store/vec4 v0x557c58ee60_0, 0, 8;
    %fork TD_RegisterFileTest_v.passTest, S_0x557c58eaa0;
    %join;
    %load/vec4 v0x557c58ee60_0;
    %store/vec4 v0x557c590750_0, 0, 8;
    %delay 6000, 0;
    %pushi/vec4 0, 0, 1;
    %store/vec4 v0x557c590370_0, 0, 1;
    %delay 10000, 0;
    %pushi/vec4 1, 0, 1;
    %store/vec4 v0x557c590370_0, 0, 1;
    %load/vec4 v0x557c5900c0_0;
    %store/vec4 v0x557c58eca0_0, 0, 64;
    %pushi/vec4 21, 0, 64;
    %store/vec4 v0x557c58ed80_0, 0, 64;
    %pushi/vec4 2898450666, 0, 130;
    %concati/vec4 3393232094, 0, 32;
    %concati/vec4 3896552160, 0, 32;
    %concati/vec4 3368216778, 0, 32;
    %concati/vec4 1679831345, 0, 31;
    %store/vec4 v0x557c58ef20_0, 0, 257;
    %load/vec4 v0x557c590750_0;
    %store/vec4 v0x557c58ee60_0, 0, 8;
    %fork TD_RegisterFileTest_v.passTest, S_0x557c58eaa0;
    %join;
    %load/vec4 v0x557c58ee60_0;
    %store/vec4 v0x557c590750_0, 0, 8;
    %load/vec4 v0x557c5901a0_0;
    %store/vec4 v0x557c58eca0_0, 0, 64;
    %pushi/vec4 22, 0, 64;
    %store/vec4 v0x557c58ed80_0, 0, 64;
    %pushi/vec4 2898450666, 0, 130;
    %concati/vec4 3393234664, 0, 32;
    %concati/vec4 3270691528, 0, 32;
    %concati/vec4 2169341365, 0, 33;
    %concati/vec4 622866737, 0, 30;
    %store/vec4 v0x557c58ef20_0, 0, 257;
    %load/vec4 v0x557c590750_0;
    %store/vec4 v0x557c58ee60_0, 0, 8;
    %fork TD_RegisterFileTest_v.passTest, S_0x557c58eaa0;
    %join;
    %load/vec4 v0x557c58ee60_0;
    %store/vec4 v0x557c590750_0, 0, 8;
    %pushi/vec4 3188064256, 0, 32;
    %concati/vec4 610839792, 0, 48;
    %split/vec4 1;
    %store/vec4 v0x557c590680_0, 0, 1;
    %split/vec4 64;
    %store/vec4 v0x557c590270_0, 0, 64;
    %split/vec4 5;
    %store/vec4 v0x557c5905b0_0, 0, 5;
    %split/vec4 5;
    %store/vec4 v0x557c5904e0_0, 0, 5;
    %store/vec4 v0x557c590440_0, 0, 5;
    %delay 4000, 0;
    %load/vec4 v0x557c5900c0_0;
    %store/vec4 v0x557c58eca0_0, 0, 64;
    %pushi/vec4 23, 0, 64;
    %store/vec4 v0x557c58ed80_0, 0, 64;
    %pushi/vec4 2463945448, 0, 114;
    %concati/vec4 3535984704, 0, 32;
    %concati/vec4 2898450666, 0, 32;
    %concati/vec4 3393226448, 0, 32;
    %concati/vec4 3402028608, 0, 32;
    %concati/vec4 12851, 0, 15;
    %store/vec4 v0x557c58ef20_0, 0, 257;
    %load/vec4 v0x557c590750_0;
    %store/vec4 v0x557c58ee60_0, 0, 8;
    %fork TD_RegisterFileTest_v.passTest, S_0x557c58eaa0;
    %join;
    %load/vec4 v0x557c58ee60_0;
    %store/vec4 v0x557c590750_0, 0, 8;
    %load/vec4 v0x557c5901a0_0;
    %store/vec4 v0x557c58eca0_0, 0, 64;
    %pushi/vec4 24, 0, 64;
    %store/vec4 v0x557c58ed80_0, 0, 64;
    %pushi/vec4 2463945448, 0, 114;
    %concati/vec4 3535984704, 0, 32;
    %concati/vec4 2898450666, 0, 32;
    %concati/vec4 3393226448, 0, 32;
    %concati/vec4 3402028608, 0, 32;
    %concati/vec4 12852, 0, 15;
    %store/vec4 v0x557c58ef20_0, 0, 257;
    %load/vec4 v0x557c590750_0;
    %store/vec4 v0x557c58ee60_0, 0, 8;
    %fork TD_RegisterFileTest_v.passTest, S_0x557c58eaa0;
    %join;
    %load/vec4 v0x557c58ee60_0;
    %store/vec4 v0x557c590750_0, 0, 8;
    %delay 6000, 0;
    %pushi/vec4 0, 0, 1;
    %store/vec4 v0x557c590370_0, 0, 1;
    %delay 10000, 0;
    %pushi/vec4 1, 0, 1;
    %store/vec4 v0x557c590370_0, 0, 1;
    %load/vec4 v0x557c5900c0_0;
    %store/vec4 v0x557c58eca0_0, 0, 64;
    %pushi/vec4 23, 0, 64;
    %store/vec4 v0x557c58ed80_0, 0, 64;
    %pushi/vec4 2898450666, 0, 130;
    %concati/vec4 3393232094, 0, 32;
    %concati/vec4 3896552160, 0, 32;
    %concati/vec4 3368216778, 0, 32;
    %concati/vec4 1679831346, 0, 31;
    %store/vec4 v0x557c58ef20_0, 0, 257;
    %load/vec4 v0x557c590750_0;
    %store/vec4 v0x557c58ee60_0, 0, 8;
    %fork TD_RegisterFileTest_v.passTest, S_0x557c58eaa0;
    %join;
    %load/vec4 v0x557c58ee60_0;
    %store/vec4 v0x557c590750_0, 0, 8;
    %load/vec4 v0x557c5901a0_0;
    %store/vec4 v0x557c58eca0_0, 0, 64;
    %pushi/vec4 24, 0, 64;
    %store/vec4 v0x557c58ed80_0, 0, 64;
    %pushi/vec4 2898450666, 0, 130;
    %concati/vec4 3393234664, 0, 32;
    %concati/vec4 3270691528, 0, 32;
    %concati/vec4 2169341365, 0, 33;
    %concati/vec4 622866738, 0, 30;
    %store/vec4 v0x557c58ef20_0, 0, 257;
    %load/vec4 v0x557c590750_0;
    %store/vec4 v0x557c58ee60_0, 0, 8;
    %fork TD_RegisterFileTest_v.passTest, S_0x557c58eaa0;
    %join;
    %load/vec4 v0x557c58ee60_0;
    %store/vec4 v0x557c590750_0, 0, 8;
    %pushi/vec4 3464888320, 0, 32;
    %concati/vec4 610839792, 0, 48;
    %split/vec4 1;
    %store/vec4 v0x557c590680_0, 0, 1;
    %split/vec4 64;
    %store/vec4 v0x557c590270_0, 0, 64;
    %split/vec4 5;
    %store/vec4 v0x557c5905b0_0, 0, 5;
    %split/vec4 5;
    %store/vec4 v0x557c5904e0_0, 0, 5;
    %store/vec4 v0x557c590440_0, 0, 5;
    %delay 4000, 0;
    %load/vec4 v0x557c5900c0_0;
    %store/vec4 v0x557c58eca0_0, 0, 64;
    %pushi/vec4 25, 0, 64;
    %store/vec4 v0x557c58ed80_0, 0, 64;
    %pushi/vec4 2463945448, 0, 114;
    %concati/vec4 3535984704, 0, 32;
    %concati/vec4 2898450666, 0, 32;
    %concati/vec4 3393226448, 0, 32;
    %concati/vec4 3402028608, 0, 32;
    %concati/vec4 12853, 0, 15;
    %store/vec4 v0x557c58ef20_0, 0, 257;
    %load/vec4 v0x557c590750_0;
    %store/vec4 v0x557c58ee60_0, 0, 8;
    %fork TD_RegisterFileTest_v.passTest, S_0x557c58eaa0;
    %join;
    %load/vec4 v0x557c58ee60_0;
    %store/vec4 v0x557c590750_0, 0, 8;
    %load/vec4 v0x557c5901a0_0;
    %store/vec4 v0x557c58eca0_0, 0, 64;
    %pushi/vec4 26, 0, 64;
    %store/vec4 v0x557c58ed80_0, 0, 64;
    %pushi/vec4 2463945448, 0, 114;
    %concati/vec4 3535984704, 0, 32;
    %concati/vec4 2898450666, 0, 32;
    %concati/vec4 3393226448, 0, 32;
    %concati/vec4 3402028608, 0, 32;
    %concati/vec4 12854, 0, 15;
    %store/vec4 v0x557c58ef20_0, 0, 257;
    %load/vec4 v0x557c590750_0;
    %store/vec4 v0x557c58ee60_0, 0, 8;
    %fork TD_RegisterFileTest_v.passTest, S_0x557c58eaa0;
    %join;
    %load/vec4 v0x557c58ee60_0;
    %store/vec4 v0x557c590750_0, 0, 8;
    %delay 6000, 0;
    %pushi/vec4 0, 0, 1;
    %store/vec4 v0x557c590370_0, 0, 1;
    %delay 10000, 0;
    %pushi/vec4 1, 0, 1;
    %store/vec4 v0x557c590370_0, 0, 1;
    %load/vec4 v0x557c5900c0_0;
    %store/vec4 v0x557c58eca0_0, 0, 64;
    %pushi/vec4 25, 0, 64;
    %store/vec4 v0x557c58ed80_0, 0, 64;
    %pushi/vec4 2898450666, 0, 130;
    %concati/vec4 3393232094, 0, 32;
    %concati/vec4 3896552160, 0, 32;
    %concati/vec4 3368216778, 0, 32;
    %concati/vec4 1679831347, 0, 31;
    %store/vec4 v0x557c58ef20_0, 0, 257;
    %load/vec4 v0x557c590750_0;
    %store/vec4 v0x557c58ee60_0, 0, 8;
    %fork TD_RegisterFileTest_v.passTest, S_0x557c58eaa0;
    %join;
    %load/vec4 v0x557c58ee60_0;
    %store/vec4 v0x557c590750_0, 0, 8;
    %load/vec4 v0x557c5901a0_0;
    %store/vec4 v0x557c58eca0_0, 0, 64;
    %pushi/vec4 26, 0, 64;
    %store/vec4 v0x557c58ed80_0, 0, 64;
    %pushi/vec4 2898450666, 0, 130;
    %concati/vec4 3393234664, 0, 32;
    %concati/vec4 3270691528, 0, 32;
    %concati/vec4 2169341365, 0, 33;
    %concati/vec4 622866739, 0, 30;
    %store/vec4 v0x557c58ef20_0, 0, 257;
    %load/vec4 v0x557c590750_0;
    %store/vec4 v0x557c58ee60_0, 0, 8;
    %fork TD_RegisterFileTest_v.passTest, S_0x557c58eaa0;
    %join;
    %load/vec4 v0x557c58ee60_0;
    %store/vec4 v0x557c590750_0, 0, 8;
    %pushi/vec4 3741712384, 0, 32;
    %concati/vec4 610839792, 0, 48;
    %split/vec4 1;
    %store/vec4 v0x557c590680_0, 0, 1;
    %split/vec4 64;
    %store/vec4 v0x557c590270_0, 0, 64;
    %split/vec4 5;
    %store/vec4 v0x557c5905b0_0, 0, 5;
    %split/vec4 5;
    %store/vec4 v0x557c5904e0_0, 0, 5;
    %store/vec4 v0x557c590440_0, 0, 5;
    %delay 4000, 0;
    %load/vec4 v0x557c5900c0_0;
    %store/vec4 v0x557c58eca0_0, 0, 64;
    %pushi/vec4 27, 0, 64;
    %store/vec4 v0x557c58ed80_0, 0, 64;
    %pushi/vec4 2463945448, 0, 114;
    %concati/vec4 3535984704, 0, 32;
    %concati/vec4 2898450666, 0, 32;
    %concati/vec4 3393226448, 0, 32;
    %concati/vec4 3402028608, 0, 32;
    %concati/vec4 12855, 0, 15;
    %store/vec4 v0x557c58ef20_0, 0, 257;
    %load/vec4 v0x557c590750_0;
    %store/vec4 v0x557c58ee60_0, 0, 8;
    %fork TD_RegisterFileTest_v.passTest, S_0x557c58eaa0;
    %join;
    %load/vec4 v0x557c58ee60_0;
    %store/vec4 v0x557c590750_0, 0, 8;
    %load/vec4 v0x557c5901a0_0;
    %store/vec4 v0x557c58eca0_0, 0, 64;
    %pushi/vec4 28, 0, 64;
    %store/vec4 v0x557c58ed80_0, 0, 64;
    %pushi/vec4 2463945448, 0, 114;
    %concati/vec4 3535984704, 0, 32;
    %concati/vec4 2898450666, 0, 32;
    %concati/vec4 3393226448, 0, 32;
    %concati/vec4 3402028608, 0, 32;
    %concati/vec4 12856, 0, 15;
    %store/vec4 v0x557c58ef20_0, 0, 257;
    %load/vec4 v0x557c590750_0;
    %store/vec4 v0x557c58ee60_0, 0, 8;
    %fork TD_RegisterFileTest_v.passTest, S_0x557c58eaa0;
    %join;
    %load/vec4 v0x557c58ee60_0;
    %store/vec4 v0x557c590750_0, 0, 8;
    %delay 6000, 0;
    %pushi/vec4 0, 0, 1;
    %store/vec4 v0x557c590370_0, 0, 1;
    %delay 10000, 0;
    %pushi/vec4 1, 0, 1;
    %store/vec4 v0x557c590370_0, 0, 1;
    %load/vec4 v0x557c5900c0_0;
    %store/vec4 v0x557c58eca0_0, 0, 64;
    %pushi/vec4 27, 0, 64;
    %store/vec4 v0x557c58ed80_0, 0, 64;
    %pushi/vec4 2898450666, 0, 130;
    %concati/vec4 3393232094, 0, 32;
    %concati/vec4 3896552160, 0, 32;
    %concati/vec4 3368216778, 0, 32;
    %concati/vec4 1679831348, 0, 31;
    %store/vec4 v0x557c58ef20_0, 0, 257;
    %load/vec4 v0x557c590750_0;
    %store/vec4 v0x557c58ee60_0, 0, 8;
    %fork TD_RegisterFileTest_v.passTest, S_0x557c58eaa0;
    %join;
    %load/vec4 v0x557c58ee60_0;
    %store/vec4 v0x557c590750_0, 0, 8;
    %load/vec4 v0x557c5901a0_0;
    %store/vec4 v0x557c58eca0_0, 0, 64;
    %pushi/vec4 28, 0, 64;
    %store/vec4 v0x557c58ed80_0, 0, 64;
    %pushi/vec4 2898450666, 0, 130;
    %concati/vec4 3393234664, 0, 32;
    %concati/vec4 3270691528, 0, 32;
    %concati/vec4 2169341365, 0, 33;
    %concati/vec4 622866740, 0, 30;
    %store/vec4 v0x557c58ef20_0, 0, 257;
    %load/vec4 v0x557c590750_0;
    %store/vec4 v0x557c58ee60_0, 0, 8;
    %fork TD_RegisterFileTest_v.passTest, S_0x557c58eaa0;
    %join;
    %load/vec4 v0x557c58ee60_0;
    %store/vec4 v0x557c590750_0, 0, 8;
    %pushi/vec4 4018536448, 0, 32;
    %concati/vec4 610839792, 0, 48;
    %split/vec4 1;
    %store/vec4 v0x557c590680_0, 0, 1;
    %split/vec4 64;
    %store/vec4 v0x557c590270_0, 0, 64;
    %split/vec4 5;
    %store/vec4 v0x557c5905b0_0, 0, 5;
    %split/vec4 5;
    %store/vec4 v0x557c5904e0_0, 0, 5;
    %store/vec4 v0x557c590440_0, 0, 5;
    %delay 4000, 0;
    %load/vec4 v0x557c5900c0_0;
    %store/vec4 v0x557c58eca0_0, 0, 64;
    %pushi/vec4 29, 0, 64;
    %store/vec4 v0x557c58ed80_0, 0, 64;
    %pushi/vec4 2463945448, 0, 114;
    %concati/vec4 3535984704, 0, 32;
    %concati/vec4 2898450666, 0, 32;
    %concati/vec4 3393226448, 0, 32;
    %concati/vec4 3402028608, 0, 32;
    %concati/vec4 12857, 0, 15;
    %store/vec4 v0x557c58ef20_0, 0, 257;
    %load/vec4 v0x557c590750_0;
    %store/vec4 v0x557c58ee60_0, 0, 8;
    %fork TD_RegisterFileTest_v.passTest, S_0x557c58eaa0;
    %join;
    %load/vec4 v0x557c58ee60_0;
    %store/vec4 v0x557c590750_0, 0, 8;
    %load/vec4 v0x557c5901a0_0;
    %store/vec4 v0x557c58eca0_0, 0, 64;
    %pushi/vec4 30, 0, 64;
    %store/vec4 v0x557c58ed80_0, 0, 64;
    %pushi/vec4 2463945448, 0, 114;
    %concati/vec4 3535984704, 0, 32;
    %concati/vec4 2898450666, 0, 32;
    %concati/vec4 3393226448, 0, 32;
    %concati/vec4 3402028608, 0, 32;
    %concati/vec4 13104, 0, 15;
    %store/vec4 v0x557c58ef20_0, 0, 257;
    %load/vec4 v0x557c590750_0;
    %store/vec4 v0x557c58ee60_0, 0, 8;
    %fork TD_RegisterFileTest_v.passTest, S_0x557c58eaa0;
    %join;
    %load/vec4 v0x557c58ee60_0;
    %store/vec4 v0x557c590750_0, 0, 8;
    %delay 6000, 0;
    %pushi/vec4 0, 0, 1;
    %store/vec4 v0x557c590370_0, 0, 1;
    %delay 10000, 0;
    %pushi/vec4 1, 0, 1;
    %store/vec4 v0x557c590370_0, 0, 1;
    %load/vec4 v0x557c5900c0_0;
    %store/vec4 v0x557c58eca0_0, 0, 64;
    %pushi/vec4 29, 0, 64;
    %store/vec4 v0x557c58ed80_0, 0, 64;
    %pushi/vec4 2898450666, 0, 130;
    %concati/vec4 3393232094, 0, 32;
    %concati/vec4 3896552160, 0, 32;
    %concati/vec4 3368216778, 0, 32;
    %concati/vec4 1679831349, 0, 31;
    %store/vec4 v0x557c58ef20_0, 0, 257;
    %load/vec4 v0x557c590750_0;
    %store/vec4 v0x557c58ee60_0, 0, 8;
    %fork TD_RegisterFileTest_v.passTest, S_0x557c58eaa0;
    %join;
    %load/vec4 v0x557c58ee60_0;
    %store/vec4 v0x557c590750_0, 0, 8;
    %load/vec4 v0x557c5901a0_0;
    %store/vec4 v0x557c58eca0_0, 0, 64;
    %pushi/vec4 30, 0, 64;
    %store/vec4 v0x557c58ed80_0, 0, 64;
    %pushi/vec4 2898450666, 0, 130;
    %concati/vec4 3393234664, 0, 32;
    %concati/vec4 3270691528, 0, 32;
    %concati/vec4 2169341365, 0, 33;
    %concati/vec4 622866741, 0, 30;
    %store/vec4 v0x557c58ef20_0, 0, 257;
    %load/vec4 v0x557c590750_0;
    %store/vec4 v0x557c58ee60_0, 0, 8;
    %fork TD_RegisterFileTest_v.passTest, S_0x557c58eaa0;
    %join;
    %load/vec4 v0x557c58ee60_0;
    %store/vec4 v0x557c590750_0, 0, 8;
    %pushi/vec4 4291166208, 0, 32;
    %concati/vec4 610839792, 0, 48;
    %split/vec4 1;
    %store/vec4 v0x557c590680_0, 0, 1;
    %split/vec4 64;
    %store/vec4 v0x557c590270_0, 0, 64;
    %split/vec4 5;
    %store/vec4 v0x557c5905b0_0, 0, 5;
    %split/vec4 5;
    %store/vec4 v0x557c5904e0_0, 0, 5;
    %store/vec4 v0x557c590440_0, 0, 5;
    %delay 4000, 0;
    %load/vec4 v0x557c5900c0_0;
    %store/vec4 v0x557c58eca0_0, 0, 64;
    %pushi/vec4 0, 0, 64;
    %store/vec4 v0x557c58ed80_0, 0, 64;
    %pushi/vec4 2463945448, 0, 114;
    %concati/vec4 3535984704, 0, 32;
    %concati/vec4 2898450666, 0, 32;
    %concati/vec4 3393226448, 0, 32;
    %concati/vec4 3402028608, 0, 32;
    %concati/vec4 13105, 0, 15;
    %store/vec4 v0x557c58ef20_0, 0, 257;
    %load/vec4 v0x557c590750_0;
    %store/vec4 v0x557c58ee60_0, 0, 8;
    %fork TD_RegisterFileTest_v.passTest, S_0x557c58eaa0;
    %join;
    %load/vec4 v0x557c58ee60_0;
    %store/vec4 v0x557c590750_0, 0, 8;
    %delay 6000, 0;
    %pushi/vec4 0, 0, 1;
    %store/vec4 v0x557c590370_0, 0, 1;
    %delay 10000, 0;
    %pushi/vec4 1, 0, 1;
    %store/vec4 v0x557c590370_0, 0, 1;
    %load/vec4 v0x557c5900c0_0;
    %store/vec4 v0x557c58eca0_0, 0, 64;
    %pushi/vec4 0, 0, 64;
    %store/vec4 v0x557c58ed80_0, 0, 64;
    %pushi/vec4 2898450666, 0, 130;
    %concati/vec4 3393232094, 0, 32;
    %concati/vec4 3896552160, 0, 32;
    %concati/vec4 3368216778, 0, 32;
    %concati/vec4 1679831350, 0, 31;
    %store/vec4 v0x557c58ef20_0, 0, 257;
    %load/vec4 v0x557c590750_0;
    %store/vec4 v0x557c58ee60_0, 0, 8;
    %fork TD_RegisterFileTest_v.passTest, S_0x557c58eaa0;
    %join;
    %load/vec4 v0x557c58ee60_0;
    %store/vec4 v0x557c590750_0, 0, 8;
    %pushi/vec4 1, 0, 80;
    %split/vec4 1;
    %store/vec4 v0x557c590680_0, 0, 1;
    %split/vec4 64;
    %store/vec4 v0x557c590270_0, 0, 64;
    %split/vec4 5;
    %store/vec4 v0x557c5905b0_0, 0, 5;
    %split/vec4 5;
    %store/vec4 v0x557c5904e0_0, 0, 5;
    %store/vec4 v0x557c590440_0, 0, 5;
    %delay 10000, 0;
    %pushi/vec4 0, 0, 1;
    %store/vec4 v0x557c590370_0, 0, 1;
    %delay 10000, 0;
    %pushi/vec4 1, 0, 1;
    %store/vec4 v0x557c590370_0, 0, 1;
    %pushi/vec4 2147483648, 0, 46;
    %concati/vec4 3, 0, 34;
    %split/vec4 1;
    %store/vec4 v0x557c590680_0, 0, 1;
    %split/vec4 64;
    %store/vec4 v0x557c590270_0, 0, 64;
    %split/vec4 5;
    %store/vec4 v0x557c5905b0_0, 0, 5;
    %split/vec4 5;
    %store/vec4 v0x557c5904e0_0, 0, 5;
    %store/vec4 v0x557c590440_0, 0, 5;
    %delay 10000, 0;
    %pushi/vec4 0, 0, 1;
    %store/vec4 v0x557c590370_0, 0, 1;
    %delay 10000, 0;
    %pushi/vec4 1, 0, 1;
    %store/vec4 v0x557c590370_0, 0, 1;
    %pushi/vec4 2147483648, 0, 45;
    %concati/vec4 5, 0, 35;
    %split/vec4 1;
    %store/vec4 v0x557c590680_0, 0, 1;
    %split/vec4 64;
    %store/vec4 v0x557c590270_0, 0, 64;
    %split/vec4 5;
    %store/vec4 v0x557c5905b0_0, 0, 5;
    %split/vec4 5;
    %store/vec4 v0x557c5904e0_0, 0, 5;
    %store/vec4 v0x557c590440_0, 0, 5;
    %delay 10000, 0;
    %pushi/vec4 0, 0, 1;
    %store/vec4 v0x557c590370_0, 0, 1;
    %delay 10000, 0;
    %pushi/vec4 1, 0, 1;
    %store/vec4 v0x557c590370_0, 0, 1;
    %pushi/vec4 3221225472, 0, 45;
    %concati/vec4 7, 0, 35;
    %split/vec4 1;
    %store/vec4 v0x557c590680_0, 0, 1;
    %split/vec4 64;
    %store/vec4 v0x557c590270_0, 0, 64;
    %split/vec4 5;
    %store/vec4 v0x557c5905b0_0, 0, 5;
    %split/vec4 5;
    %store/vec4 v0x557c5904e0_0, 0, 5;
    %store/vec4 v0x557c590440_0, 0, 5;
    %delay 10000, 0;
    %pushi/vec4 0, 0, 1;
    %store/vec4 v0x557c590370_0, 0, 1;
    %delay 10000, 0;
    %pushi/vec4 1, 0, 1;
    %store/vec4 v0x557c590370_0, 0, 1;
    %pushi/vec4 2147483648, 0, 44;
    %concati/vec4 9, 0, 36;
    %split/vec4 1;
    %store/vec4 v0x557c590680_0, 0, 1;
    %split/vec4 64;
    %store/vec4 v0x557c590270_0, 0, 64;
    %split/vec4 5;
    %store/vec4 v0x557c5905b0_0, 0, 5;
    %split/vec4 5;
    %store/vec4 v0x557c5904e0_0, 0, 5;
    %store/vec4 v0x557c590440_0, 0, 5;
    %delay 10000, 0;
    %pushi/vec4 0, 0, 1;
    %store/vec4 v0x557c590370_0, 0, 1;
    %delay 10000, 0;
    %pushi/vec4 1, 0, 1;
    %store/vec4 v0x557c590370_0, 0, 1;
    %pushi/vec4 2684354560, 0, 44;
    %concati/vec4 11, 0, 36;
    %split/vec4 1;
    %store/vec4 v0x557c590680_0, 0, 1;
    %split/vec4 64;
    %store/vec4 v0x557c590270_0, 0, 64;
    %split/vec4 5;
    %store/vec4 v0x557c5905b0_0, 0, 5;
    %split/vec4 5;
    %store/vec4 v0x557c5904e0_0, 0, 5;
    %store/vec4 v0x557c590440_0, 0, 5;
    %delay 10000, 0;
    %pushi/vec4 0, 0, 1;
    %store/vec4 v0x557c590370_0, 0, 1;
    %delay 10000, 0;
    %pushi/vec4 1, 0, 1;
    %store/vec4 v0x557c590370_0, 0, 1;
    %pushi/vec4 3221225472, 0, 44;
    %concati/vec4 13, 0, 36;
    %split/vec4 1;
    %store/vec4 v0x557c590680_0, 0, 1;
    %split/vec4 64;
    %store/vec4 v0x557c590270_0, 0, 64;
    %split/vec4 5;
    %store/vec4 v0x557c5905b0_0, 0, 5;
    %split/vec4 5;
    %store/vec4 v0x557c5904e0_0, 0, 5;
    %store/vec4 v0x557c590440_0, 0, 5;
    %delay 10000, 0;
    %pushi/vec4 0, 0, 1;
    %store/vec4 v0x557c590370_0, 0, 1;
    %delay 10000, 0;
    %pushi/vec4 1, 0, 1;
    %store/vec4 v0x557c590370_0, 0, 1;
    %pushi/vec4 3758096384, 0, 44;
    %concati/vec4 15, 0, 36;
    %split/vec4 1;
    %store/vec4 v0x557c590680_0, 0, 1;
    %split/vec4 64;
    %store/vec4 v0x557c590270_0, 0, 64;
    %split/vec4 5;
    %store/vec4 v0x557c5905b0_0, 0, 5;
    %split/vec4 5;
    %store/vec4 v0x557c5904e0_0, 0, 5;
    %store/vec4 v0x557c590440_0, 0, 5;
    %delay 10000, 0;
    %pushi/vec4 0, 0, 1;
    %store/vec4 v0x557c590370_0, 0, 1;
    %delay 10000, 0;
    %pushi/vec4 1, 0, 1;
    %store/vec4 v0x557c590370_0, 0, 1;
    %pushi/vec4 2147483648, 0, 43;
    %concati/vec4 17, 0, 37;
    %split/vec4 1;
    %store/vec4 v0x557c590680_0, 0, 1;
    %split/vec4 64;
    %store/vec4 v0x557c590270_0, 0, 64;
    %split/vec4 5;
    %store/vec4 v0x557c5905b0_0, 0, 5;
    %split/vec4 5;
    %store/vec4 v0x557c5904e0_0, 0, 5;
    %store/vec4 v0x557c590440_0, 0, 5;
    %delay 10000, 0;
    %pushi/vec4 0, 0, 1;
    %store/vec4 v0x557c590370_0, 0, 1;
    %delay 10000, 0;
    %pushi/vec4 1, 0, 1;
    %store/vec4 v0x557c590370_0, 0, 1;
    %pushi/vec4 2415919104, 0, 43;
    %concati/vec4 19, 0, 37;
    %split/vec4 1;
    %store/vec4 v0x557c590680_0, 0, 1;
    %split/vec4 64;
    %store/vec4 v0x557c590270_0, 0, 64;
    %split/vec4 5;
    %store/vec4 v0x557c5905b0_0, 0, 5;
    %split/vec4 5;
    %store/vec4 v0x557c5904e0_0, 0, 5;
    %store/vec4 v0x557c590440_0, 0, 5;
    %delay 10000, 0;
    %pushi/vec4 0, 0, 1;
    %store/vec4 v0x557c590370_0, 0, 1;
    %delay 10000, 0;
    %pushi/vec4 1, 0, 1;
    %store/vec4 v0x557c590370_0, 0, 1;
    %pushi/vec4 2684354560, 0, 43;
    %concati/vec4 21, 0, 37;
    %split/vec4 1;
    %store/vec4 v0x557c590680_0, 0, 1;
    %split/vec4 64;
    %store/vec4 v0x557c590270_0, 0, 64;
    %split/vec4 5;
    %store/vec4 v0x557c5905b0_0, 0, 5;
    %split/vec4 5;
    %store/vec4 v0x557c5904e0_0, 0, 5;
    %store/vec4 v0x557c590440_0, 0, 5;
    %delay 10000, 0;
    %pushi/vec4 0, 0, 1;
    %store/vec4 v0x557c590370_0, 0, 1;
    %delay 10000, 0;
    %pushi/vec4 1, 0, 1;
    %store/vec4 v0x557c590370_0, 0, 1;
    %pushi/vec4 2952790016, 0, 43;
    %concati/vec4 23, 0, 37;
    %split/vec4 1;
    %store/vec4 v0x557c590680_0, 0, 1;
    %split/vec4 64;
    %store/vec4 v0x557c590270_0, 0, 64;
    %split/vec4 5;
    %store/vec4 v0x557c5905b0_0, 0, 5;
    %split/vec4 5;
    %store/vec4 v0x557c5904e0_0, 0, 5;
    %store/vec4 v0x557c590440_0, 0, 5;
    %delay 10000, 0;
    %pushi/vec4 0, 0, 1;
    %store/vec4 v0x557c590370_0, 0, 1;
    %delay 10000, 0;
    %pushi/vec4 1, 0, 1;
    %store/vec4 v0x557c590370_0, 0, 1;
    %pushi/vec4 3221225472, 0, 43;
    %concati/vec4 25, 0, 37;
    %split/vec4 1;
    %store/vec4 v0x557c590680_0, 0, 1;
    %split/vec4 64;
    %store/vec4 v0x557c590270_0, 0, 64;
    %split/vec4 5;
    %store/vec4 v0x557c5905b0_0, 0, 5;
    %split/vec4 5;
    %store/vec4 v0x557c5904e0_0, 0, 5;
    %store/vec4 v0x557c590440_0, 0, 5;
    %delay 10000, 0;
    %pushi/vec4 0, 0, 1;
    %store/vec4 v0x557c590370_0, 0, 1;
    %delay 10000, 0;
    %pushi/vec4 1, 0, 1;
    %store/vec4 v0x557c590370_0, 0, 1;
    %pushi/vec4 3489660928, 0, 43;
    %concati/vec4 27, 0, 37;
    %split/vec4 1;
    %store/vec4 v0x557c590680_0, 0, 1;
    %split/vec4 64;
    %store/vec4 v0x557c590270_0, 0, 64;
    %split/vec4 5;
    %store/vec4 v0x557c5905b0_0, 0, 5;
    %split/vec4 5;
    %store/vec4 v0x557c5904e0_0, 0, 5;
    %store/vec4 v0x557c590440_0, 0, 5;
    %delay 10000, 0;
    %pushi/vec4 0, 0, 1;
    %store/vec4 v0x557c590370_0, 0, 1;
    %delay 10000, 0;
    %pushi/vec4 1, 0, 1;
    %store/vec4 v0x557c590370_0, 0, 1;
    %pushi/vec4 3758096384, 0, 43;
    %concati/vec4 29, 0, 37;
    %split/vec4 1;
    %store/vec4 v0x557c590680_0, 0, 1;
    %split/vec4 64;
    %store/vec4 v0x557c590270_0, 0, 64;
    %split/vec4 5;
    %store/vec4 v0x557c5905b0_0, 0, 5;
    %split/vec4 5;
    %store/vec4 v0x557c5904e0_0, 0, 5;
    %store/vec4 v0x557c590440_0, 0, 5;
    %delay 10000, 0;
    %pushi/vec4 0, 0, 1;
    %store/vec4 v0x557c590370_0, 0, 1;
    %delay 10000, 0;
    %pushi/vec4 1, 0, 1;
    %store/vec4 v0x557c590370_0, 0, 1;
    %pushi/vec4 4026531840, 0, 43;
    %concati/vec4 31, 0, 37;
    %split/vec4 1;
    %store/vec4 v0x557c590680_0, 0, 1;
    %split/vec4 64;
    %store/vec4 v0x557c590270_0, 0, 64;
    %split/vec4 5;
    %store/vec4 v0x557c5905b0_0, 0, 5;
    %split/vec4 5;
    %store/vec4 v0x557c5904e0_0, 0, 5;
    %store/vec4 v0x557c590440_0, 0, 5;
    %delay 10000, 0;
    %pushi/vec4 0, 0, 1;
    %store/vec4 v0x557c590370_0, 0, 1;
    %delay 10000, 0;
    %pushi/vec4 1, 0, 1;
    %store/vec4 v0x557c590370_0, 0, 1;
    %pushi/vec4 2147483648, 0, 42;
    %concati/vec4 33, 0, 38;
    %split/vec4 1;
    %store/vec4 v0x557c590680_0, 0, 1;
    %split/vec4 64;
    %store/vec4 v0x557c590270_0, 0, 64;
    %split/vec4 5;
    %store/vec4 v0x557c5905b0_0, 0, 5;
    %split/vec4 5;
    %store/vec4 v0x557c5904e0_0, 0, 5;
    %store/vec4 v0x557c590440_0, 0, 5;
    %delay 10000, 0;
    %pushi/vec4 0, 0, 1;
    %store/vec4 v0x557c590370_0, 0, 1;
    %delay 10000, 0;
    %pushi/vec4 1, 0, 1;
    %store/vec4 v0x557c590370_0, 0, 1;
    %pushi/vec4 2281701376, 0, 42;
    %concati/vec4 35, 0, 38;
    %split/vec4 1;
    %store/vec4 v0x557c590680_0, 0, 1;
    %split/vec4 64;
    %store/vec4 v0x557c590270_0, 0, 64;
    %split/vec4 5;
    %store/vec4 v0x557c5905b0_0, 0, 5;
    %split/vec4 5;
    %store/vec4 v0x557c5904e0_0, 0, 5;
    %store/vec4 v0x557c590440_0, 0, 5;
    %delay 10000, 0;
    %pushi/vec4 0, 0, 1;
    %store/vec4 v0x557c590370_0, 0, 1;
    %delay 10000, 0;
    %pushi/vec4 1, 0, 1;
    %store/vec4 v0x557c590370_0, 0, 1;
    %pushi/vec4 2415919104, 0, 42;
    %concati/vec4 37, 0, 38;
    %split/vec4 1;
    %store/vec4 v0x557c590680_0, 0, 1;
    %split/vec4 64;
    %store/vec4 v0x557c590270_0, 0, 64;
    %split/vec4 5;
    %store/vec4 v0x557c5905b0_0, 0, 5;
    %split/vec4 5;
    %store/vec4 v0x557c5904e0_0, 0, 5;
    %store/vec4 v0x557c590440_0, 0, 5;
    %delay 10000, 0;
    %pushi/vec4 0, 0, 1;
    %store/vec4 v0x557c590370_0, 0, 1;
    %delay 10000, 0;
    %pushi/vec4 1, 0, 1;
    %store/vec4 v0x557c590370_0, 0, 1;
    %pushi/vec4 2550136832, 0, 42;
    %concati/vec4 39, 0, 38;
    %split/vec4 1;
    %store/vec4 v0x557c590680_0, 0, 1;
    %split/vec4 64;
    %store/vec4 v0x557c590270_0, 0, 64;
    %split/vec4 5;
    %store/vec4 v0x557c5905b0_0, 0, 5;
    %split/vec4 5;
    %store/vec4 v0x557c5904e0_0, 0, 5;
    %store/vec4 v0x557c590440_0, 0, 5;
    %delay 10000, 0;
    %pushi/vec4 0, 0, 1;
    %store/vec4 v0x557c590370_0, 0, 1;
    %delay 10000, 0;
    %pushi/vec4 1, 0, 1;
    %store/vec4 v0x557c590370_0, 0, 1;
    %pushi/vec4 2684354560, 0, 42;
    %concati/vec4 41, 0, 38;
    %split/vec4 1;
    %store/vec4 v0x557c590680_0, 0, 1;
    %split/vec4 64;
    %store/vec4 v0x557c590270_0, 0, 64;
    %split/vec4 5;
    %store/vec4 v0x557c5905b0_0, 0, 5;
    %split/vec4 5;
    %store/vec4 v0x557c5904e0_0, 0, 5;
    %store/vec4 v0x557c590440_0, 0, 5;
    %delay 10000, 0;
    %pushi/vec4 0, 0, 1;
    %store/vec4 v0x557c590370_0, 0, 1;
    %delay 10000, 0;
    %pushi/vec4 1, 0, 1;
    %store/vec4 v0x557c590370_0, 0, 1;
    %pushi/vec4 2818572288, 0, 42;
    %concati/vec4 43, 0, 38;
    %split/vec4 1;
    %store/vec4 v0x557c590680_0, 0, 1;
    %split/vec4 64;
    %store/vec4 v0x557c590270_0, 0, 64;
    %split/vec4 5;
    %store/vec4 v0x557c5905b0_0, 0, 5;
    %split/vec4 5;
    %store/vec4 v0x557c5904e0_0, 0, 5;
    %store/vec4 v0x557c590440_0, 0, 5;
    %delay 10000, 0;
    %pushi/vec4 0, 0, 1;
    %store/vec4 v0x557c590370_0, 0, 1;
    %delay 10000, 0;
    %pushi/vec4 1, 0, 1;
    %store/vec4 v0x557c590370_0, 0, 1;
    %pushi/vec4 2952790016, 0, 42;
    %concati/vec4 45, 0, 38;
    %split/vec4 1;
    %store/vec4 v0x557c590680_0, 0, 1;
    %split/vec4 64;
    %store/vec4 v0x557c590270_0, 0, 64;
    %split/vec4 5;
    %store/vec4 v0x557c5905b0_0, 0, 5;
    %split/vec4 5;
    %store/vec4 v0x557c5904e0_0, 0, 5;
    %store/vec4 v0x557c590440_0, 0, 5;
    %delay 10000, 0;
    %pushi/vec4 0, 0, 1;
    %store/vec4 v0x557c590370_0, 0, 1;
    %delay 10000, 0;
    %pushi/vec4 1, 0, 1;
    %store/vec4 v0x557c590370_0, 0, 1;
    %pushi/vec4 3087007744, 0, 42;
    %concati/vec4 47, 0, 38;
    %split/vec4 1;
    %store/vec4 v0x557c590680_0, 0, 1;
    %split/vec4 64;
    %store/vec4 v0x557c590270_0, 0, 64;
    %split/vec4 5;
    %store/vec4 v0x557c5905b0_0, 0, 5;
    %split/vec4 5;
    %store/vec4 v0x557c5904e0_0, 0, 5;
    %store/vec4 v0x557c590440_0, 0, 5;
    %delay 10000, 0;
    %pushi/vec4 0, 0, 1;
    %store/vec4 v0x557c590370_0, 0, 1;
    %delay 10000, 0;
    %pushi/vec4 1, 0, 1;
    %store/vec4 v0x557c590370_0, 0, 1;
    %pushi/vec4 3221225472, 0, 42;
    %concati/vec4 49, 0, 38;
    %split/vec4 1;
    %store/vec4 v0x557c590680_0, 0, 1;
    %split/vec4 64;
    %store/vec4 v0x557c590270_0, 0, 64;
    %split/vec4 5;
    %store/vec4 v0x557c5905b0_0, 0, 5;
    %split/vec4 5;
    %store/vec4 v0x557c5904e0_0, 0, 5;
    %store/vec4 v0x557c590440_0, 0, 5;
    %delay 10000, 0;
    %pushi/vec4 0, 0, 1;
    %store/vec4 v0x557c590370_0, 0, 1;
    %delay 10000, 0;
    %pushi/vec4 1, 0, 1;
    %store/vec4 v0x557c590370_0, 0, 1;
    %pushi/vec4 3355443200, 0, 42;
    %concati/vec4 51, 0, 38;
    %split/vec4 1;
    %store/vec4 v0x557c590680_0, 0, 1;
    %split/vec4 64;
    %store/vec4 v0x557c590270_0, 0, 64;
    %split/vec4 5;
    %store/vec4 v0x557c5905b0_0, 0, 5;
    %split/vec4 5;
    %store/vec4 v0x557c5904e0_0, 0, 5;
    %store/vec4 v0x557c590440_0, 0, 5;
    %delay 10000, 0;
    %pushi/vec4 0, 0, 1;
    %store/vec4 v0x557c590370_0, 0, 1;
    %delay 10000, 0;
    %pushi/vec4 1, 0, 1;
    %store/vec4 v0x557c590370_0, 0, 1;
    %pushi/vec4 3489660928, 0, 42;
    %concati/vec4 53, 0, 38;
    %split/vec4 1;
    %store/vec4 v0x557c590680_0, 0, 1;
    %split/vec4 64;
    %store/vec4 v0x557c590270_0, 0, 64;
    %split/vec4 5;
    %store/vec4 v0x557c5905b0_0, 0, 5;
    %split/vec4 5;
    %store/vec4 v0x557c5904e0_0, 0, 5;
    %store/vec4 v0x557c590440_0, 0, 5;
    %delay 10000, 0;
    %pushi/vec4 0, 0, 1;
    %store/vec4 v0x557c590370_0, 0, 1;
    %delay 10000, 0;
    %pushi/vec4 1, 0, 1;
    %store/vec4 v0x557c590370_0, 0, 1;
    %pushi/vec4 3623878656, 0, 42;
    %concati/vec4 55, 0, 38;
    %split/vec4 1;
    %store/vec4 v0x557c590680_0, 0, 1;
    %split/vec4 64;
    %store/vec4 v0x557c590270_0, 0, 64;
    %split/vec4 5;
    %store/vec4 v0x557c5905b0_0, 0, 5;
    %split/vec4 5;
    %store/vec4 v0x557c5904e0_0, 0, 5;
    %store/vec4 v0x557c590440_0, 0, 5;
    %delay 10000, 0;
    %pushi/vec4 0, 0, 1;
    %store/vec4 v0x557c590370_0, 0, 1;
    %delay 10000, 0;
    %pushi/vec4 1, 0, 1;
    %store/vec4 v0x557c590370_0, 0, 1;
    %pushi/vec4 3758096384, 0, 42;
    %concati/vec4 57, 0, 38;
    %split/vec4 1;
    %store/vec4 v0x557c590680_0, 0, 1;
    %split/vec4 64;
    %store/vec4 v0x557c590270_0, 0, 64;
    %split/vec4 5;
    %store/vec4 v0x557c5905b0_0, 0, 5;
    %split/vec4 5;
    %store/vec4 v0x557c5904e0_0, 0, 5;
    %store/vec4 v0x557c590440_0, 0, 5;
    %delay 10000, 0;
    %pushi/vec4 0, 0, 1;
    %store/vec4 v0x557c590370_0, 0, 1;
    %delay 10000, 0;
    %pushi/vec4 1, 0, 1;
    %store/vec4 v0x557c590370_0, 0, 1;
    %pushi/vec4 3892314112, 0, 42;
    %concati/vec4 59, 0, 38;
    %split/vec4 1;
    %store/vec4 v0x557c590680_0, 0, 1;
    %split/vec4 64;
    %store/vec4 v0x557c590270_0, 0, 64;
    %split/vec4 5;
    %store/vec4 v0x557c5905b0_0, 0, 5;
    %split/vec4 5;
    %store/vec4 v0x557c5904e0_0, 0, 5;
    %store/vec4 v0x557c590440_0, 0, 5;
    %delay 10000, 0;
    %pushi/vec4 0, 0, 1;
    %store/vec4 v0x557c590370_0, 0, 1;
    %delay 10000, 0;
    %pushi/vec4 1, 0, 1;
    %store/vec4 v0x557c590370_0, 0, 1;
    %pushi/vec4 4026531840, 0, 42;
    %concati/vec4 61, 0, 38;
    %split/vec4 1;
    %store/vec4 v0x557c590680_0, 0, 1;
    %split/vec4 64;
    %store/vec4 v0x557c590270_0, 0, 64;
    %split/vec4 5;
    %store/vec4 v0x557c5905b0_0, 0, 5;
    %split/vec4 5;
    %store/vec4 v0x557c5904e0_0, 0, 5;
    %store/vec4 v0x557c590440_0, 0, 5;
    %delay 10000, 0;
    %pushi/vec4 0, 0, 1;
    %store/vec4 v0x557c590370_0, 0, 1;
    %delay 10000, 0;
    %pushi/vec4 1, 0, 1;
    %store/vec4 v0x557c590370_0, 0, 1;
    %pushi/vec4 4160749568, 0, 42;
    %concati/vec4 63, 0, 38;
    %split/vec4 1;
    %store/vec4 v0x557c590680_0, 0, 1;
    %split/vec4 64;
    %store/vec4 v0x557c590270_0, 0, 64;
    %split/vec4 5;
    %store/vec4 v0x557c5905b0_0, 0, 5;
    %split/vec4 5;
    %store/vec4 v0x557c5904e0_0, 0, 5;
    %store/vec4 v0x557c590440_0, 0, 5;
    %delay 10000, 0;
    %pushi/vec4 0, 0, 1;
    %store/vec4 v0x557c590370_0, 0, 1;
    %delay 10000, 0;
    %pushi/vec4 1, 0, 1;
    %store/vec4 v0x557c590370_0, 0, 1;
    %pushi/vec4 2147483648, 0, 41;
    %concati/vec4 0, 0, 39;
    %split/vec4 1;
    %store/vec4 v0x557c590680_0, 0, 1;
    %split/vec4 64;
    %store/vec4 v0x557c590270_0, 0, 64;
    %split/vec4 5;
    %store/vec4 v0x557c5905b0_0, 0, 5;
    %split/vec4 5;
    %store/vec4 v0x557c5904e0_0, 0, 5;
    %store/vec4 v0x557c590440_0, 0, 5;
    %delay 10000, 0;
    %pushi/vec4 0, 0, 1;
    %store/vec4 v0x557c590370_0, 0, 1;
    %delay 10000, 0;
    %pushi/vec4 1, 0, 1;
    %store/vec4 v0x557c590370_0, 0, 1;
    %delay 4000, 0;
    %load/vec4 v0x557c5900c0_0;
    %store/vec4 v0x557c58eca0_0, 0, 64;
    %pushi/vec4 0, 0, 64;
    %store/vec4 v0x557c58ed80_0, 0, 64;
    %pushi/vec4 3739935808, 0, 250;
    %concati/vec4 49, 0, 7;
    %store/vec4 v0x557c58ef20_0, 0, 257;
    %load/vec4 v0x557c590750_0;
    %store/vec4 v0x557c58ee60_0, 0, 8;
    %fork TD_RegisterFileTest_v.passTest, S_0x557c58eaa0;
    %join;
    %load/vec4 v0x557c58ee60_0;
    %store/vec4 v0x557c590750_0, 0, 8;
    %load/vec4 v0x557c5901a0_0;
    %store/vec4 v0x557c58eca0_0, 0, 64;
    %pushi/vec4 1, 0, 64;
    %store/vec4 v0x557c58ed80_0, 0, 64;
    %pushi/vec4 3739935808, 0, 250;
    %concati/vec4 50, 0, 7;
    %store/vec4 v0x557c58ef20_0, 0, 257;
    %load/vec4 v0x557c590750_0;
    %store/vec4 v0x557c58ee60_0, 0, 8;
    %fork TD_RegisterFileTest_v.passTest, S_0x557c58eaa0;
    %join;
    %load/vec4 v0x557c58ee60_0;
    %store/vec4 v0x557c590750_0, 0, 8;
    %delay 4000, 0;
    %pushi/vec4 2249195520, 0, 35;
    %concati/vec4 8192, 0, 45;
    %split/vec4 1;
    %store/vec4 v0x557c590680_0, 0, 1;
    %split/vec4 64;
    %store/vec4 v0x557c590270_0, 0, 64;
    %split/vec4 5;
    %store/vec4 v0x557c5905b0_0, 0, 5;
    %split/vec4 5;
    %store/vec4 v0x557c5904e0_0, 0, 5;
    %store/vec4 v0x557c590440_0, 0, 5;
    %delay 10000, 0;
    %pushi/vec4 0, 0, 1;
    %store/vec4 v0x557c590370_0, 0, 1;
    %delay 10000, 0;
    %pushi/vec4 1, 0, 1;
    %store/vec4 v0x557c590370_0, 0, 1;
    %delay 4000, 0;
    %load/vec4 v0x557c5900c0_0;
    %store/vec4 v0x557c58eca0_0, 0, 64;
    %pushi/vec4 2, 0, 64;
    %store/vec4 v0x557c58ed80_0, 0, 64;
    %pushi/vec4 3739935808, 0, 250;
    %concati/vec4 51, 0, 7;
    %store/vec4 v0x557c58ef20_0, 0, 257;
    %load/vec4 v0x557c590750_0;
    %store/vec4 v0x557c58ee60_0, 0, 8;
    %fork TD_RegisterFileTest_v.passTest, S_0x557c58eaa0;
    %join;
    %load/vec4 v0x557c58ee60_0;
    %store/vec4 v0x557c590750_0, 0, 8;
    %load/vec4 v0x557c5901a0_0;
    %store/vec4 v0x557c58eca0_0, 0, 64;
    %pushi/vec4 3, 0, 64;
    %store/vec4 v0x557c58ed80_0, 0, 64;
    %pushi/vec4 3739935808, 0, 250;
    %concati/vec4 52, 0, 7;
    %store/vec4 v0x557c58ef20_0, 0, 257;
    %load/vec4 v0x557c590750_0;
    %store/vec4 v0x557c58ee60_0, 0, 8;
    %fork TD_RegisterFileTest_v.passTest, S_0x557c58eaa0;
    %join;
    %load/vec4 v0x557c58ee60_0;
    %store/vec4 v0x557c590750_0, 0, 8;
    %delay 4000, 0;
    %pushi/vec4 2231369728, 0, 34;
    %concati/vec4 8193, 0, 46;
    %split/vec4 1;
    %store/vec4 v0x557c590680_0, 0, 1;
    %split/vec4 64;
    %store/vec4 v0x557c590270_0, 0, 64;
    %split/vec4 5;
    %store/vec4 v0x557c5905b0_0, 0, 5;
    %split/vec4 5;
    %store/vec4 v0x557c5904e0_0, 0, 5;
    %store/vec4 v0x557c590440_0, 0, 5;
    %delay 10000, 0;
    %pushi/vec4 0, 0, 1;
    %store/vec4 v0x557c590370_0, 0, 1;
    %delay 10000, 0;
    %pushi/vec4 1, 0, 1;
    %store/vec4 v0x557c590370_0, 0, 1;
    %delay 4000, 0;
    %load/vec4 v0x557c5900c0_0;
    %store/vec4 v0x557c58eca0_0, 0, 64;
    %pushi/vec4 4, 0, 64;
    %store/vec4 v0x557c58ed80_0, 0, 64;
    %pushi/vec4 3739935808, 0, 250;
    %concati/vec4 53, 0, 7;
    %store/vec4 v0x557c58ef20_0, 0, 257;
    %load/vec4 v0x557c590750_0;
    %store/vec4 v0x557c58ee60_0, 0, 8;
    %fork TD_RegisterFileTest_v.passTest, S_0x557c58eaa0;
    %join;
    %load/vec4 v0x557c58ee60_0;
    %store/vec4 v0x557c590750_0, 0, 8;
    %load/vec4 v0x557c5901a0_0;
    %store/vec4 v0x557c58eca0_0, 0, 64;
    %pushi/vec4 5, 0, 64;
    %store/vec4 v0x557c58ed80_0, 0, 64;
    %pushi/vec4 3739935808, 0, 250;
    %concati/vec4 54, 0, 7;
    %store/vec4 v0x557c58ef20_0, 0, 257;
    %load/vec4 v0x557c590750_0;
    %store/vec4 v0x557c58ee60_0, 0, 8;
    %fork TD_RegisterFileTest_v.passTest, S_0x557c58eaa0;
    %join;
    %load/vec4 v0x557c58ee60_0;
    %store/vec4 v0x557c590750_0, 0, 8;
    %delay 4000, 0;
    %pushi/vec4 3343908864, 0, 34;
    %concati/vec4 8225, 0, 46;
    %split/vec4 1;
    %store/vec4 v0x557c590680_0, 0, 1;
    %split/vec4 64;
    %store/vec4 v0x557c590270_0, 0, 64;
    %split/vec4 5;
    %store/vec4 v0x557c5905b0_0, 0, 5;
    %split/vec4 5;
    %store/vec4 v0x557c5904e0_0, 0, 5;
    %store/vec4 v0x557c590440_0, 0, 5;
    %delay 10000, 0;
    %pushi/vec4 0, 0, 1;
    %store/vec4 v0x557c590370_0, 0, 1;
    %delay 10000, 0;
    %pushi/vec4 1, 0, 1;
    %store/vec4 v0x557c590370_0, 0, 1;
    %delay 4000, 0;
    %load/vec4 v0x557c5900c0_0;
    %store/vec4 v0x557c58eca0_0, 0, 64;
    %pushi/vec4 6, 0, 64;
    %store/vec4 v0x557c58ed80_0, 0, 64;
    %pushi/vec4 3739935808, 0, 250;
    %concati/vec4 55, 0, 7;
    %store/vec4 v0x557c58ef20_0, 0, 257;
    %load/vec4 v0x557c590750_0;
    %store/vec4 v0x557c58ee60_0, 0, 8;
    %fork TD_RegisterFileTest_v.passTest, S_0x557c58eaa0;
    %join;
    %load/vec4 v0x557c58ee60_0;
    %store/vec4 v0x557c590750_0, 0, 8;
    %load/vec4 v0x557c5901a0_0;
    %store/vec4 v0x557c58eca0_0, 0, 64;
    %pushi/vec4 7, 0, 64;
    %store/vec4 v0x557c58ed80_0, 0, 64;
    %pushi/vec4 3739935808, 0, 250;
    %concati/vec4 56, 0, 7;
    %store/vec4 v0x557c58ef20_0, 0, 257;
    %load/vec4 v0x557c590750_0;
    %store/vec4 v0x557c58ee60_0, 0, 8;
    %fork TD_RegisterFileTest_v.passTest, S_0x557c58eaa0;
    %join;
    %load/vec4 v0x557c58ee60_0;
    %store/vec4 v0x557c590750_0, 0, 8;
    %delay 4000, 0;
    %pushi/vec4 2225864704, 0, 33;
    %concati/vec4 2121729, 0, 47;
    %split/vec4 1;
    %store/vec4 v0x557c590680_0, 0, 1;
    %split/vec4 64;
    %store/vec4 v0x557c590270_0, 0, 64;
    %split/vec4 5;
    %store/vec4 v0x557c5905b0_0, 0, 5;
    %split/vec4 5;
    %store/vec4 v0x557c5904e0_0, 0, 5;
    %store/vec4 v0x557c590440_0, 0, 5;
    %delay 10000, 0;
    %pushi/vec4 0, 0, 1;
    %store/vec4 v0x557c590370_0, 0, 1;
    %delay 10000, 0;
    %pushi/vec4 1, 0, 1;
    %store/vec4 v0x557c590370_0, 0, 1;
    %delay 4000, 0;
    %load/vec4 v0x557c5900c0_0;
    %store/vec4 v0x557c58eca0_0, 0, 64;
    %pushi/vec4 8, 0, 64;
    %store/vec4 v0x557c58ed80_0, 0, 64;
    %pushi/vec4 3739935808, 0, 250;
    %concati/vec4 57, 0, 7;
    %store/vec4 v0x557c58ef20_0, 0, 257;
    %load/vec4 v0x557c590750_0;
    %store/vec4 v0x557c58ee60_0, 0, 8;
    %fork TD_RegisterFileTest_v.passTest, S_0x557c58eaa0;
    %join;
    %load/vec4 v0x557c58ee60_0;
    %store/vec4 v0x557c590750_0, 0, 8;
    %load/vec4 v0x557c5901a0_0;
    %store/vec4 v0x557c58eca0_0, 0, 64;
    %pushi/vec4 9, 0, 64;
    %store/vec4 v0x557c58ed80_0, 0, 64;
    %pushi/vec4 3739935808, 0, 242;
    %concati/vec4 12592, 0, 15;
    %store/vec4 v0x557c58ef20_0, 0, 257;
    %load/vec4 v0x557c590750_0;
    %store/vec4 v0x557c58ee60_0, 0, 8;
    %fork TD_RegisterFileTest_v.passTest, S_0x557c58eaa0;
    %join;
    %load/vec4 v0x557c58ee60_0;
    %store/vec4 v0x557c590750_0, 0, 8;
    %delay 4000, 0;
    %pushi/vec4 2779774976, 0, 33;
    %concati/vec4 0, 0, 47;
    %split/vec4 1;
    %store/vec4 v0x557c590680_0, 0, 1;
    %split/vec4 64;
    %store/vec4 v0x557c590270_0, 0, 64;
    %split/vec4 5;
    %store/vec4 v0x557c5905b0_0, 0, 5;
    %split/vec4 5;
    %store/vec4 v0x557c5904e0_0, 0, 5;
    %store/vec4 v0x557c590440_0, 0, 5;
    %delay 10000, 0;
    %pushi/vec4 0, 0, 1;
    %store/vec4 v0x557c590370_0, 0, 1;
    %delay 10000, 0;
    %pushi/vec4 1, 0, 1;
    %store/vec4 v0x557c590370_0, 0, 1;
    %delay 4000, 0;
    %load/vec4 v0x557c5900c0_0;
    %store/vec4 v0x557c58eca0_0, 0, 64;
    %pushi/vec4 4112, 0, 64;
    %store/vec4 v0x557c58ed80_0, 0, 64;
    %pushi/vec4 3739935808, 0, 242;
    %concati/vec4 12593, 0, 15;
    %store/vec4 v0x557c58ef20_0, 0, 257;
    %load/vec4 v0x557c590750_0;
    %store/vec4 v0x557c58ee60_0, 0, 8;
    %fork TD_RegisterFileTest_v.passTest, S_0x557c58eaa0;
    %join;
    %load/vec4 v0x557c58ee60_0;
    %store/vec4 v0x557c590750_0, 0, 8;
    %load/vec4 v0x557c5901a0_0;
    %store/vec4 v0x557c58eca0_0, 0, 64;
    %pushi/vec4 1060864, 0, 64;
    %store/vec4 v0x557c58ed80_0, 0, 64;
    %pushi/vec4 3739935808, 0, 242;
    %concati/vec4 12594, 0, 15;
    %store/vec4 v0x557c58ef20_0, 0, 257;
    %load/vec4 v0x557c590750_0;
    %store/vec4 v0x557c58ee60_0, 0, 8;
    %fork TD_RegisterFileTest_v.passTest, S_0x557c58eaa0;
    %join;
    %load/vec4 v0x557c58ee60_0;
    %store/vec4 v0x557c590750_0, 0, 8;
    %delay 4000, 0;
    %pushi/vec4 3333685248, 0, 33;
    %concati/vec4 87963, 0, 47;
    %split/vec4 1;
    %store/vec4 v0x557c590680_0, 0, 1;
    %split/vec4 64;
    %store/vec4 v0x557c590270_0, 0, 64;
    %split/vec4 5;
    %store/vec4 v0x557c5905b0_0, 0, 5;
    %split/vec4 5;
    %store/vec4 v0x557c5904e0_0, 0, 5;
    %store/vec4 v0x557c590440_0, 0, 5;
    %delay 10000, 0;
    %pushi/vec4 0, 0, 1;
    %store/vec4 v0x557c590370_0, 0, 1;
    %delay 10000, 0;
    %pushi/vec4 1, 0, 1;
    %store/vec4 v0x557c590370_0, 0, 1;
    %delay 4000, 0;
    %load/vec4 v0x557c5900c0_0;
    %store/vec4 v0x557c58eca0_0, 0, 64;
    %pushi/vec4 12, 0, 64;
    %store/vec4 v0x557c58ed80_0, 0, 64;
    %pushi/vec4 3739935808, 0, 242;
    %concati/vec4 12595, 0, 15;
    %store/vec4 v0x557c58ef20_0, 0, 257;
    %load/vec4 v0x557c590750_0;
    %store/vec4 v0x557c58ee60_0, 0, 8;
    %fork TD_RegisterFileTest_v.passTest, S_0x557c58eaa0;
    %join;
    %load/vec4 v0x557c58ee60_0;
    %store/vec4 v0x557c590750_0, 0, 8;
    %load/vec4 v0x557c5901a0_0;
    %store/vec4 v0x557c58eca0_0, 0, 64;
    %pushi/vec4 43981, 0, 64;
    %store/vec4 v0x557c58ed80_0, 0, 64;
    %pushi/vec4 3739935808, 0, 242;
    %concati/vec4 12596, 0, 15;
    %store/vec4 v0x557c58ef20_0, 0, 257;
    %load/vec4 v0x557c590750_0;
    %store/vec4 v0x557c58ee60_0, 0, 8;
    %fork TD_RegisterFileTest_v.passTest, S_0x557c58eaa0;
    %join;
    %load/vec4 v0x557c58ee60_0;
    %store/vec4 v0x557c590750_0, 0, 8;
    %delay 4000, 0;
    %pushi/vec4 3887595520, 0, 33;
    %concati/vec4 2424307865, 0, 46;
    %concati/vec4 0, 0, 1;
    %split/vec4 1;
    %store/vec4 v0x557c590680_0, 0, 1;
    %split/vec4 64;
    %store/vec4 v0x557c590270_0, 0, 64;
    %split/vec4 5;
    %store/vec4 v0x557c5905b0_0, 0, 5;
    %split/vec4 5;
    %store/vec4 v0x557c5904e0_0, 0, 5;
    %store/vec4 v0x557c590440_0, 0, 5;
    %delay 10000, 0;
    %pushi/vec4 0, 0, 1;
    %store/vec4 v0x557c590370_0, 0, 1;
    %delay 10000, 0;
    %pushi/vec4 1, 0, 1;
    %store/vec4 v0x557c590370_0, 0, 1;
    %delay 4000, 0;
    %load/vec4 v0x557c5900c0_0;
    %store/vec4 v0x557c58eca0_0, 0, 64;
    %pushi/vec4 14, 0, 64;
    %store/vec4 v0x557c58ed80_0, 0, 64;
    %pushi/vec4 3739935808, 0, 242;
    %concati/vec4 12597, 0, 15;
    %store/vec4 v0x557c58ef20_0, 0, 257;
    %load/vec4 v0x557c590750_0;
    %store/vec4 v0x557c58ee60_0, 0, 8;
    %fork TD_RegisterFileTest_v.passTest, S_0x557c58eaa0;
    %join;
    %load/vec4 v0x557c58ee60_0;
    %store/vec4 v0x557c590750_0, 0, 8;
    %load/vec4 v0x557c5901a0_0;
    %store/vec4 v0x557c58eca0_0, 0, 64;
    %pushi/vec4 15, 0, 64;
    %store/vec4 v0x557c58ed80_0, 0, 64;
    %pushi/vec4 3739935808, 0, 242;
    %concati/vec4 12598, 0, 15;
    %store/vec4 v0x557c58ef20_0, 0, 257;
    %load/vec4 v0x557c590750_0;
    %store/vec4 v0x557c58ee60_0, 0, 8;
    %fork TD_RegisterFileTest_v.passTest, S_0x557c58eaa0;
    %join;
    %load/vec4 v0x557c58ee60_0;
    %store/vec4 v0x557c590750_0, 0, 8;
    %delay 4000, 0;
    %load/vec4 v0x557c590750_0;
    %store/vec4 v0x557c58e9c0_0, 0, 8;
    %pushi/vec4 84, 0, 8;
    %store/vec4 v0x557c4b2920_0, 0, 8;
    %fork TD_RegisterFileTest_v.allPassed, S_0x557c4b2790;
    %join;
    %end;
    .thread T_5;
# The file index is used to find the file name in the following table.
:file_names 4;
    "N/A";
    "<interactive>";
    "RegisterFileTest_v.v";
    "RegisterFile.v";
