#! /usr/bin/vvp
:ivl_version "11.0 (stable)";
:ivl_delay_selection "TYPICAL";
:vpi_time_precision - 12;
:vpi_module "/usr/lib/aarch64-linux-gnu/ivl/system.vpi";
:vpi_module "/usr/lib/aarch64-linux-gnu/ivl/vhdl_sys.vpi";
:vpi_module "/usr/lib/aarch64-linux-gnu/ivl/vhdl_textio.vpi";
:vpi_module "/usr/lib/aarch64-linux-gnu/ivl/v2005_math.vpi";
:vpi_module "/usr/lib/aarch64-linux-gnu/ivl/va_math.vpi";
S_0x5574b90d60 .scope module, "ALUTest_v" "ALUTest_v" 2 26;
 .timescale -9 -12;
v0x5574bc6630_0 .var "ALUCtrl", 3 0;
v0x5574bc6710_0 .var "BusA", 63 0;
v0x5574bc67e0_0 .var "BusB", 63 0;
v0x5574bc68e0_0 .net "BusW", 63 0, v0x5574bc63a0_0;  1 drivers
v0x5574bc69b0_0 .net "Zero", 0 0, v0x5574bc6480_0;  1 drivers
v0x5574bc6aa0_0 .var "passed", 7 0;
S_0x5574b90ef0 .scope task, "allPassed" "allPassed" 2 37, 2 37 0, S_0x5574b90d60;
 .timescale -9 -12;
v0x5574b910d0_0 .var "numTests", 7 0;
v0x5574bc5790_0 .var "passed", 7 0;
TD_ALUTest_v.allPassed ;
    %load/vec4 v0x5574bc5790_0;
    %load/vec4 v0x5574b910d0_0;
    %cmp/e;
    %jmp/0xz  T_0.0, 4;
    %vpi_call 2 41 "$display", "All tests passed" {0 0 0};
    %jmp T_0.1;
T_0.0 ;
    %vpi_call 2 42 "$display", "Some tests failed" {0 0 0};
T_0.1 ;
    %end;
S_0x5574bc5870 .scope task, "passTest" "passTest" 2 28, 2 28 0, S_0x5574b90d60;
 .timescale -9 -12;
v0x5574bc5a70_0 .var "actualOut", 64 0;
v0x5574bc5b50_0 .var "expectedOut", 64 0;
v0x5574bc5c30_0 .var "passed", 7 0;
v0x5574bc5cf0_0 .var "testType", 256 0;
TD_ALUTest_v.passTest ;
    %load/vec4 v0x5574bc5a70_0;
    %load/vec4 v0x5574bc5b50_0;
    %cmp/e;
    %jmp/0xz  T_1.2, 4;
    %vpi_call 2 33 "$display", "%s passed", v0x5574bc5cf0_0 {0 0 0};
    %load/vec4 v0x5574bc5c30_0;
    %addi 1, 0, 8;
    %store/vec4 v0x5574bc5c30_0, 0, 8;
    %jmp T_1.3;
T_1.2 ;
    %vpi_call 2 34 "$display", "%s failed: %x should be %x", v0x5574bc5cf0_0, v0x5574bc5a70_0, v0x5574bc5b50_0 {0 0 0};
T_1.3 ;
    %end;
S_0x5574bc5dd0 .scope module, "uut" "ALU" 2 56, 3 8 0, S_0x5574b90d60;
 .timescale 0 0;
    .port_info 0 /OUTPUT 64 "BusW";
    .port_info 1 /INPUT 64 "BusA";
    .port_info 2 /INPUT 64 "BusB";
    .port_info 3 /INPUT 4 "ALUCtrl";
    .port_info 4 /OUTPUT 1 "Zero";
v0x5574bc60d0_0 .net "ALUCtrl", 3 0, v0x5574bc6630_0;  1 drivers
v0x5574bc61d0_0 .net "BusA", 63 0, v0x5574bc6710_0;  1 drivers
v0x5574bc62b0_0 .net "BusB", 63 0, v0x5574bc67e0_0;  1 drivers
v0x5574bc63a0_0 .var "BusW", 63 0;
v0x5574bc6480_0 .var "Zero", 0 0;
E_0x5574b8cfd0 .event edge, v0x5574bc63a0_0;
E_0x5574b8d160 .event edge, v0x5574bc62b0_0, v0x5574bc61d0_0, v0x5574bc60d0_0;
    .scope S_0x5574bc5dd0;
T_2 ;
    %wait E_0x5574b8d160;
    %load/vec4 v0x5574bc60d0_0;
    %dup/vec4;
    %pushi/vec4 0, 0, 4;
    %cmp/u;
    %jmp/1 T_2.0, 6;
    %dup/vec4;
    %pushi/vec4 1, 0, 4;
    %cmp/u;
    %jmp/1 T_2.1, 6;
    %dup/vec4;
    %pushi/vec4 2, 0, 4;
    %cmp/u;
    %jmp/1 T_2.2, 6;
    %dup/vec4;
    %pushi/vec4 6, 0, 4;
    %cmp/u;
    %jmp/1 T_2.3, 6;
    %dup/vec4;
    %pushi/vec4 7, 0, 4;
    %cmp/u;
    %jmp/1 T_2.4, 6;
    %jmp T_2.5;
T_2.0 ;
    %load/vec4 v0x5574bc61d0_0;
    %load/vec4 v0x5574bc62b0_0;
    %and;
    %store/vec4 v0x5574bc63a0_0, 0, 64;
    %jmp T_2.5;
T_2.1 ;
    %load/vec4 v0x5574bc61d0_0;
    %load/vec4 v0x5574bc62b0_0;
    %or;
    %store/vec4 v0x5574bc63a0_0, 0, 64;
    %jmp T_2.5;
T_2.2 ;
    %load/vec4 v0x5574bc61d0_0;
    %load/vec4 v0x5574bc62b0_0;
    %add;
    %store/vec4 v0x5574bc63a0_0, 0, 64;
    %jmp T_2.5;
T_2.3 ;
    %load/vec4 v0x5574bc61d0_0;
    %load/vec4 v0x5574bc62b0_0;
    %sub;
    %store/vec4 v0x5574bc63a0_0, 0, 64;
    %jmp T_2.5;
T_2.4 ;
    %load/vec4 v0x5574bc62b0_0;
    %cassign/vec4 v0x5574bc63a0_0;
    %cassign/link v0x5574bc63a0_0, v0x5574bc62b0_0;
    %jmp T_2.5;
T_2.5 ;
    %pop/vec4 1;
    %jmp T_2;
    .thread T_2, $push;
    .scope S_0x5574bc5dd0;
T_3 ;
    %wait E_0x5574b8cfd0;
    %load/vec4 v0x5574bc63a0_0;
    %cmpi/ne 0, 0, 64;
    %jmp/0xz  T_3.0, 4;
    %pushi/vec4 0, 0, 1;
    %cassign/vec4 v0x5574bc6480_0;
T_3.0 ;
    %load/vec4 v0x5574bc63a0_0;
    %cmpi/e 0, 0, 64;
    %jmp/0xz  T_3.2, 4;
    %pushi/vec4 1, 0, 1;
    %cassign/vec4 v0x5574bc6480_0;
T_3.2 ;
    %jmp T_3;
    .thread T_3, $push;
    .scope S_0x5574b90d60;
T_4 ;
    %pushi/vec4 0, 0, 64;
    %store/vec4 v0x5574bc6710_0, 0, 64;
    %pushi/vec4 0, 0, 64;
    %store/vec4 v0x5574bc67e0_0, 0, 64;
    %pushi/vec4 0, 0, 4;
    %store/vec4 v0x5574bc6630_0, 0, 4;
    %pushi/vec4 0, 0, 8;
    %store/vec4 v0x5574bc6aa0_0, 0, 8;
    %pushi/vec4 2443182080, 0, 83;
    %concati/vec4 2882338816, 0, 45;
    %concati/vec4 2, 0, 4;
    %split/vec4 4;
    %store/vec4 v0x5574bc6630_0, 0, 4;
    %split/vec4 64;
    %store/vec4 v0x5574bc67e0_0, 0, 64;
    %store/vec4 v0x5574bc6710_0, 0, 64;
    %delay 40000, 0;
    %load/vec4 v0x5574bc69b0_0;
    %load/vec4 v0x5574bc68e0_0;
    %concat/vec4; draw_concat_vec4
    %store/vec4 v0x5574bc5a70_0, 0, 65;
    %pushi/vec4 2882343476, 0, 65;
    %store/vec4 v0x5574bc5b50_0, 0, 65;
    %pushi/vec4 2189985856, 0, 122;
    %concati/vec4 3252733128, 0, 33;
    %concati/vec4 3436228801, 0, 32;
    %concati/vec4 3775203597, 0, 32;
    %concati/vec4 2248541702, 0, 35;
    %concati/vec4 0, 0, 3;
    %store/vec4 v0x5574bc5cf0_0, 0, 257;
    %load/vec4 v0x5574bc6aa0_0;
    %store/vec4 v0x5574bc5c30_0, 0, 8;
    %fork TD_ALUTest_v.passTest, S_0x5574bc5870;
    %join;
    %load/vec4 v0x5574bc5c30_0;
    %store/vec4 v0x5574bc6aa0_0, 0, 8;
    %pushi/vec4 2540994560, 0, 78;
    %concati/vec4 9441026, 0, 54;
    %split/vec4 4;
    %store/vec4 v0x5574bc6630_0, 0, 4;
    %split/vec4 64;
    %store/vec4 v0x5574bc67e0_0, 0, 64;
    %store/vec4 v0x5574bc6710_0, 0, 64;
    %delay 40000, 0;
    %load/vec4 v0x5574bc69b0_0;
    %load/vec4 v0x5574bc68e0_0;
    %concat/vec4; draw_concat_vec4
    %store/vec4 v0x5574bc5a70_0, 0, 65;
    %pushi/vec4 745154, 0, 65;
    %store/vec4 v0x5574bc5b50_0, 0, 65;
    %pushi/vec4 2189985890, 0, 130;
    %concati/vec4 2961230037, 0, 33;
    %concati/vec4 2442184880, 0, 32;
    %concati/vec4 2162475201, 0, 32;
    %concati/vec4 640691232, 0, 30;
    %store/vec4 v0x5574bc5cf0_0, 0, 257;
    %load/vec4 v0x5574bc6aa0_0;
    %store/vec4 v0x5574bc5c30_0, 0, 8;
    %fork TD_ALUTest_v.passTest, S_0x5574bc5870;
    %join;
    %load/vec4 v0x5574bc5c30_0;
    %store/vec4 v0x5574bc6aa0_0, 0, 8;
    %pushi/vec4 2290649224, 0, 67;
    %concati/vec4 2863311530, 0, 61;
    %concati/vec4 2, 0, 4;
    %split/vec4 4;
    %store/vec4 v0x5574bc6630_0, 0, 4;
    %split/vec4 64;
    %store/vec4 v0x5574bc67e0_0, 0, 64;
    %store/vec4 v0x5574bc6710_0, 0, 64;
    %delay 40000, 0;
    %load/vec4 v0x5574bc69b0_0;
    %load/vec4 v0x5574bc68e0_0;
    %concat/vec4; draw_concat_vec4
    %store/vec4 v0x5574bc5a70_0, 0, 65;
    %pushi/vec4 3149642683, 0, 65;
    %store/vec4 v0x5574bc5b50_0, 0, 65;
    %pushi/vec4 2189985880, 0, 178;
    %concati/vec4 2164566240, 0, 33;
    %concati/vec4 2965678304, 0, 32;
    %concati/vec4 11296, 0, 14;
    %store/vec4 v0x5574bc5cf0_0, 0, 257;
    %load/vec4 v0x5574bc6aa0_0;
    %store/vec4 v0x5574bc5c30_0, 0, 8;
    %fork TD_ALUTest_v.passTest, S_0x5574bc5870;
    %join;
    %load/vec4 v0x5574bc5c30_0;
    %store/vec4 v0x5574bc6aa0_0, 0, 8;
    %pushi/vec4 2290649224, 0, 67;
    %concati/vec4 2290649227, 0, 64;
    %concati/vec4 0, 0, 1;
    %split/vec4 4;
    %store/vec4 v0x5574bc6630_0, 0, 4;
    %split/vec4 64;
    %store/vec4 v0x5574bc67e0_0, 0, 64;
    %store/vec4 v0x5574bc6710_0, 0, 64;
    %delay 40000, 0;
    %load/vec4 v0x5574bc69b0_0;
    %load/vec4 v0x5574bc68e0_0;
    %concat/vec4; draw_concat_vec4
    %store/vec4 v0x5574bc5a70_0, 0, 65;
    %pushi/vec4 2147483648, 0, 32;
    %concati/vec4 0, 0, 33;
    %store/vec4 v0x5574bc5b50_0, 0, 65;
    %pushi/vec4 2796192856, 0, 178;
    %concati/vec4 2160371936, 0, 33;
    %concati/vec4 2965678304, 0, 32;
    %concati/vec4 11296, 0, 14;
    %store/vec4 v0x5574bc5cf0_0, 0, 257;
    %load/vec4 v0x5574bc6aa0_0;
    %store/vec4 v0x5574bc5c30_0, 0, 8;
    %fork TD_ALUTest_v.passTest, S_0x5574bc5870;
    %join;
    %load/vec4 v0x5574bc5c30_0;
    %store/vec4 v0x5574bc6aa0_0, 0, 8;
    %pushi/vec4 2882382797, 0, 64;
    %concati/vec4 2696978624, 0, 64;
    %concati/vec4 6, 0, 4;
    %split/vec4 4;
    %store/vec4 v0x5574bc6630_0, 0, 4;
    %split/vec4 64;
    %store/vec4 v0x5574bc67e0_0, 0, 64;
    %store/vec4 v0x5574bc6710_0, 0, 64;
    %delay 40000, 0;
    %load/vec4 v0x5574bc69b0_0;
    %load/vec4 v0x5574bc68e0_0;
    %concat/vec4; draw_concat_vec4
    %store/vec4 v0x5574bc5a70_0, 0, 65;
    %pushi/vec4 185404173, 0, 65;
    %store/vec4 v0x5574bc5b50_0, 0, 65;
    %pushi/vec4 2796192856, 0, 170;
    %concati/vec4 2164590860, 0, 33;
    %concati/vec4 2969878796, 0, 32;
    %concati/vec4 3157024, 0, 22;
    %store/vec4 v0x5574bc5cf0_0, 0, 257;
    %load/vec4 v0x5574bc6aa0_0;
    %store/vec4 v0x5574bc5c30_0, 0, 8;
    %fork TD_ALUTest_v.passTest, S_0x5574bc5870;
    %join;
    %load/vec4 v0x5574bc5c30_0;
    %store/vec4 v0x5574bc6aa0_0, 0, 8;
    %pushi/vec4 2863311530, 0, 64;
    %concati/vec4 2576980377, 0, 64;
    %concati/vec4 6, 0, 4;
    %split/vec4 4;
    %store/vec4 v0x5574bc6630_0, 0, 4;
    %split/vec4 64;
    %store/vec4 v0x5574bc67e0_0, 0, 64;
    %store/vec4 v0x5574bc6710_0, 0, 64;
    %delay 40000, 0;
    %load/vec4 v0x5574bc69b0_0;
    %load/vec4 v0x5574bc68e0_0;
    %concat/vec4; draw_concat_vec4
    %store/vec4 v0x5574bc5a70_0, 0, 65;
    %pushi/vec4 286331153, 0, 65;
    %store/vec4 v0x5574bc5b50_0, 0, 65;
    %pushi/vec4 2796192856, 0, 178;
    %concati/vec4 2164566240, 0, 33;
    %concati/vec4 2967775456, 0, 32;
    %concati/vec4 11296, 0, 14;
    %store/vec4 v0x5574bc5cf0_0, 0, 257;
    %load/vec4 v0x5574bc6aa0_0;
    %store/vec4 v0x5574bc5c30_0, 0, 8;
    %fork TD_ALUTest_v.passTest, S_0x5574bc5870;
    %join;
    %load/vec4 v0x5574bc5c30_0;
    %store/vec4 v0x5574bc6aa0_0, 0, 8;
    %pushi/vec4 2290649224, 0, 67;
    %concati/vec4 2290649224, 0, 63;
    %concati/vec4 0, 0, 2;
    %split/vec4 4;
    %store/vec4 v0x5574bc6630_0, 0, 4;
    %split/vec4 64;
    %store/vec4 v0x5574bc67e0_0, 0, 64;
    %store/vec4 v0x5574bc6710_0, 0, 64;
    %delay 40000, 0;
    %load/vec4 v0x5574bc69b0_0;
    %load/vec4 v0x5574bc68e0_0;
    %concat/vec4; draw_concat_vec4
    %store/vec4 v0x5574bc5a70_0, 0, 65;
    %pushi/vec4 2147483648, 0, 32;
    %concati/vec4 0, 0, 33;
    %store/vec4 v0x5574bc5b50_0, 0, 65;
    %pushi/vec4 2191296600, 0, 178;
    %concati/vec4 2160371936, 0, 33;
    %concati/vec4 2965940448, 0, 32;
    %concati/vec4 11296, 0, 14;
    %store/vec4 v0x5574bc5cf0_0, 0, 257;
    %load/vec4 v0x5574bc6aa0_0;
    %store/vec4 v0x5574bc5c30_0, 0, 8;
    %fork TD_ALUTest_v.passTest, S_0x5574bc5870;
    %join;
    %load/vec4 v0x5574bc5c30_0;
    %store/vec4 v0x5574bc6aa0_0, 0, 8;
    %pushi/vec4 2290649224, 0, 67;
    %concati/vec4 2290649224, 0, 64;
    %concati/vec4 0, 0, 1;
    %split/vec4 4;
    %store/vec4 v0x5574bc6630_0, 0, 4;
    %split/vec4 64;
    %store/vec4 v0x5574bc67e0_0, 0, 64;
    %store/vec4 v0x5574bc6710_0, 0, 64;
    %delay 40000, 0;
    %load/vec4 v0x5574bc69b0_0;
    %load/vec4 v0x5574bc68e0_0;
    %concat/vec4; draw_concat_vec4
    %store/vec4 v0x5574bc5a70_0, 0, 65;
    %pushi/vec4 286331153, 0, 65;
    %store/vec4 v0x5574bc5b50_0, 0, 65;
    %pushi/vec4 2191296600, 0, 178;
    %concati/vec4 2160371936, 0, 33;
    %concati/vec4 2965678304, 0, 32;
    %concati/vec4 11296, 0, 14;
    %store/vec4 v0x5574bc5cf0_0, 0, 257;
    %load/vec4 v0x5574bc6aa0_0;
    %store/vec4 v0x5574bc5c30_0, 0, 8;
    %fork TD_ALUTest_v.passTest, S_0x5574bc5870;
    %join;
    %load/vec4 v0x5574bc5c30_0;
    %store/vec4 v0x5574bc6aa0_0, 0, 8;
    %pushi/vec4 4294967295, 0, 64;
    %concati/vec4 2290649224, 0, 67;
    %concati/vec4 0, 0, 1;
    %split/vec4 4;
    %store/vec4 v0x5574bc6630_0, 0, 4;
    %split/vec4 64;
    %store/vec4 v0x5574bc67e0_0, 0, 64;
    %store/vec4 v0x5574bc6710_0, 0, 64;
    %delay 40000, 0;
    %load/vec4 v0x5574bc69b0_0;
    %load/vec4 v0x5574bc68e0_0;
    %concat/vec4; draw_concat_vec4
    %store/vec4 v0x5574bc5a70_0, 0, 65;
    %pushi/vec4 286331153, 0, 65;
    %store/vec4 v0x5574bc5b50_0, 0, 65;
    %pushi/vec4 2191296600, 0, 178;
    %concati/vec4 2165876960, 0, 33;
    %concati/vec4 2965678304, 0, 32;
    %concati/vec4 11296, 0, 14;
    %store/vec4 v0x5574bc5cf0_0, 0, 257;
    %load/vec4 v0x5574bc6aa0_0;
    %store/vec4 v0x5574bc5c30_0, 0, 8;
    %fork TD_ALUTest_v.passTest, S_0x5574bc5870;
    %join;
    %load/vec4 v0x5574bc5c30_0;
    %store/vec4 v0x5574bc6aa0_0, 0, 8;
    %pushi/vec4 1, 0, 132;
    %split/vec4 4;
    %store/vec4 v0x5574bc6630_0, 0, 4;
    %split/vec4 64;
    %store/vec4 v0x5574bc67e0_0, 0, 64;
    %store/vec4 v0x5574bc6710_0, 0, 64;
    %delay 40000, 0;
    %load/vec4 v0x5574bc69b0_0;
    %load/vec4 v0x5574bc68e0_0;
    %concat/vec4; draw_concat_vec4
    %store/vec4 v0x5574bc5a70_0, 0, 65;
    %pushi/vec4 2147483648, 0, 32;
    %concati/vec4 0, 0, 33;
    %store/vec4 v0x5574bc5b50_0, 0, 65;
    %pushi/vec4 2661570624, 0, 186;
    %concati/vec4 2186571864, 0, 32;
    %concati/vec4 3836272816, 0, 33;
    %concati/vec4 32, 0, 6;
    %store/vec4 v0x5574bc5cf0_0, 0, 257;
    %load/vec4 v0x5574bc6aa0_0;
    %store/vec4 v0x5574bc5c30_0, 0, 8;
    %fork TD_ALUTest_v.passTest, S_0x5574bc5870;
    %join;
    %load/vec4 v0x5574bc5c30_0;
    %store/vec4 v0x5574bc6aa0_0, 0, 8;
    %pushi/vec4 2290649224, 0, 67;
    %concati/vec4 1, 0, 65;
    %split/vec4 4;
    %store/vec4 v0x5574bc6630_0, 0, 4;
    %split/vec4 64;
    %store/vec4 v0x5574bc67e0_0, 0, 64;
    %store/vec4 v0x5574bc6710_0, 0, 64;
    %delay 40000, 0;
    %load/vec4 v0x5574bc69b0_0;
    %load/vec4 v0x5574bc68e0_0;
    %concat/vec4; draw_concat_vec4
    %store/vec4 v0x5574bc5a70_0, 0, 65;
    %pushi/vec4 286331153, 0, 65;
    %store/vec4 v0x5574bc5b50_0, 0, 65;
    %pushi/vec4 2661570624, 0, 186;
    %concati/vec4 3299401904, 0, 33;
    %concati/vec4 3232293040, 0, 32;
    %concati/vec4 32, 0, 6;
    %store/vec4 v0x5574bc5cf0_0, 0, 257;
    %load/vec4 v0x5574bc6aa0_0;
    %store/vec4 v0x5574bc5c30_0, 0, 8;
    %fork TD_ALUTest_v.passTest, S_0x5574bc5870;
    %join;
    %load/vec4 v0x5574bc5c30_0;
    %store/vec4 v0x5574bc6aa0_0, 0, 8;
    %pushi/vec4 4294967295, 0, 64;
    %concati/vec4 2443359168, 0, 67;
    %concati/vec4 1, 0, 1;
    %split/vec4 4;
    %store/vec4 v0x5574bc6630_0, 0, 4;
    %split/vec4 64;
    %store/vec4 v0x5574bc67e0_0, 0, 64;
    %store/vec4 v0x5574bc6710_0, 0, 64;
    %delay 40000, 0;
    %load/vec4 v0x5574bc69b0_0;
    %load/vec4 v0x5574bc68e0_0;
    %concat/vec4; draw_concat_vec4
    %store/vec4 v0x5574bc5a70_0, 0, 65;
    %pushi/vec4 4294967295, 0, 65;
    %store/vec4 v0x5574bc5b50_0, 0, 65;
    %pushi/vec4 2661570624, 0, 186;
    %concati/vec4 2354344024, 0, 32;
    %concati/vec4 3300188336, 0, 33;
    %concati/vec4 32, 0, 6;
    %store/vec4 v0x5574bc5cf0_0, 0, 257;
    %load/vec4 v0x5574bc6aa0_0;
    %store/vec4 v0x5574bc5c30_0, 0, 8;
    %fork TD_ALUTest_v.passTest, S_0x5574bc5870;
    %join;
    %load/vec4 v0x5574bc5c30_0;
    %store/vec4 v0x5574bc6aa0_0, 0, 8;
    %pushi/vec4 2290649227, 0, 131;
    %concati/vec4 1, 0, 1;
    %split/vec4 4;
    %store/vec4 v0x5574bc6630_0, 0, 4;
    %split/vec4 64;
    %store/vec4 v0x5574bc67e0_0, 0, 64;
    %store/vec4 v0x5574bc6710_0, 0, 64;
    %delay 40000, 0;
    %load/vec4 v0x5574bc69b0_0;
    %load/vec4 v0x5574bc68e0_0;
    %concat/vec4; draw_concat_vec4
    %store/vec4 v0x5574bc5a70_0, 0, 65;
    %pushi/vec4 286331153, 0, 65;
    %store/vec4 v0x5574bc5b50_0, 0, 65;
    %pushi/vec4 2697127654, 0, 162;
    %concati/vec4 2220376160, 0, 32;
    %concati/vec4 2833297604, 0, 33;
    %concati/vec4 708324384, 0, 30;
    %store/vec4 v0x5574bc5cf0_0, 0, 257;
    %load/vec4 v0x5574bc6aa0_0;
    %store/vec4 v0x5574bc5c30_0, 0, 8;
    %fork TD_ALUTest_v.passTest, S_0x5574bc5870;
    %join;
    %load/vec4 v0x5574bc5c30_0;
    %store/vec4 v0x5574bc6aa0_0, 0, 8;
    %pushi/vec4 4294967295, 0, 64;
    %concati/vec4 7, 0, 68;
    %split/vec4 4;
    %store/vec4 v0x5574bc6630_0, 0, 4;
    %split/vec4 64;
    %store/vec4 v0x5574bc67e0_0, 0, 64;
    %store/vec4 v0x5574bc6710_0, 0, 64;
    %delay 40000, 0;
    %load/vec4 v0x5574bc69b0_0;
    %load/vec4 v0x5574bc68e0_0;
    %concat/vec4; draw_concat_vec4
    %store/vec4 v0x5574bc5a70_0, 0, 65;
    %pushi/vec4 2147483648, 0, 32;
    %concati/vec4 0, 0, 33;
    %store/vec4 v0x5574bc5b50_0, 0, 65;
    %pushi/vec4 2697127654, 0, 162;
    %concati/vec4 2220376204, 0, 32;
    %concati/vec4 2833297600, 0, 33;
    %concati/vec4 708324384, 0, 30;
    %store/vec4 v0x5574bc5cf0_0, 0, 257;
    %load/vec4 v0x5574bc6aa0_0;
    %store/vec4 v0x5574bc5c30_0, 0, 8;
    %fork TD_ALUTest_v.passTest, S_0x5574bc5870;
    %join;
    %load/vec4 v0x5574bc5c30_0;
    %store/vec4 v0x5574bc6aa0_0, 0, 8;
    %pushi/vec4 2290649224, 0, 66;
    %concati/vec4 2290649227, 0, 65;
    %concati/vec4 1, 0, 1;
    %split/vec4 4;
    %store/vec4 v0x5574bc6630_0, 0, 4;
    %split/vec4 64;
    %store/vec4 v0x5574bc67e0_0, 0, 64;
    %store/vec4 v0x5574bc6710_0, 0, 64;
    %delay 40000, 0;
    %load/vec4 v0x5574bc69b0_0;
    %load/vec4 v0x5574bc68e0_0;
    %concat/vec4; draw_concat_vec4
    %store/vec4 v0x5574bc5a70_0, 0, 65;
    %pushi/vec4 286331153, 0, 65;
    %store/vec4 v0x5574bc5b50_0, 0, 65;
    %pushi/vec4 2697127654, 0, 162;
    %concati/vec4 2220376164, 0, 32;
    %concati/vec4 2833297604, 0, 33;
    %concati/vec4 708324384, 0, 30;
    %store/vec4 v0x5574bc5cf0_0, 0, 257;
    %load/vec4 v0x5574bc6aa0_0;
    %store/vec4 v0x5574bc5c30_0, 0, 8;
    %fork TD_ALUTest_v.passTest, S_0x5574bc5870;
    %join;
    %load/vec4 v0x5574bc5c30_0;
    %store/vec4 v0x5574bc6aa0_0, 0, 8;
    %load/vec4 v0x5574bc6aa0_0;
    %store/vec4 v0x5574bc5790_0, 0, 8;
    %pushi/vec4 15, 0, 8;
    %store/vec4 v0x5574b910d0_0, 0, 8;
    %fork TD_ALUTest_v.allPassed, S_0x5574b90ef0;
    %join;
    %end;
    .thread T_4;
# The file index is used to find the file name in the following table.
:file_names 4;
    "N/A";
    "<interactive>";
    "ALUTest.v";
    "ALU.v";
